
*** Running vivado
    with args -log zturn_pnq_0_1.vds -m64 -product Vivado -mode batch -messageDb vivado.pb -notrace -source zturn_pnq_0_1.tcl


****** Vivado v2020.2.2 (64-bit)
  **** SW Build 3118627 on Tue Feb  9 05:13:49 MST 2021
  **** IP Build 3115676 on Tue Feb  9 10:48:11 MST 2021
    ** Copyright 1986-2021 Xilinx, Inc. All Rights Reserved.

source zturn_pnq_0_1.tcl -notrace
INFO: [IP_Flow 19-234] Refreshing IP repositories
INFO: [IP_Flow 19-1700] Loaded user IP repository '/home/duyliontran/xilinx/ip_repo'.
INFO: [IP_Flow 19-2313] Loaded Vivado IP repository '/tools/Xilinx/Vivado/2020.2/data/ip'.
Command: synth_design -top zturn_pnq_0_1 -part xc7z020clg400-1 -mode out_of_context
Starting synth_design
Attempting to get a license for feature 'Synthesis' and/or device 'xc7z020'
INFO: [Common 17-349] Got license for feature 'Synthesis' and/or device 'xc7z020'
INFO: [Device 21-403] Loading part xc7z020clg400-1
INFO: [Synth 8-7079] Multithreading enabled for synth_design using a maximum of 4 processes.
INFO: [Synth 8-7078] Launching helper process for spawning children vivado processes
INFO: [Synth 8-7075] Helper process launched with PID 18284
---------------------------------------------------------------------------------
Starting RTL Elaboration : Time (s): cpu = 00:00:05 ; elapsed = 00:00:08 . Memory (MB): peak = 2430.785 ; gain = 0.000 ; free physical = 9900 ; free virtual = 27556
---------------------------------------------------------------------------------
INFO: [Synth 8-6157] synthesizing module 'zturn_pnq_0_1' [/home/duyliontran/xilinx/zturn-driver/zturn-driver.gen/sources_1/bd/zturn/ip/zturn_pnq_0_1/synth/zturn_pnq_0_1.v:57]
INFO: [Synth 8-6157] synthesizing module 'pnq' [/home/duyliontran/xilinx/zturn-driver/zturn-driver.gen/sources_1/bd/zturn/ipshared/78f4/hdl/verilog/pnq.v:12]
	Parameter ap_ST_fsm_state1 bound to: 97'b0000000000000000000000000000000000000000000000000000000000000000000000000000000000000000000000001 
	Parameter ap_ST_fsm_state2 bound to: 97'b0000000000000000000000000000000000000000000000000000000000000000000000000000000000000000000000010 
	Parameter ap_ST_fsm_state3 bound to: 97'b0000000000000000000000000000000000000000000000000000000000000000000000000000000000000000000000100 
	Parameter ap_ST_fsm_state4 bound to: 97'b0000000000000000000000000000000000000000000000000000000000000000000000000000000000000000000001000 
	Parameter ap_ST_fsm_state5 bound to: 97'b0000000000000000000000000000000000000000000000000000000000000000000000000000000000000000000010000 
	Parameter ap_ST_fsm_state6 bound to: 97'b0000000000000000000000000000000000000000000000000000000000000000000000000000000000000000000100000 
	Parameter ap_ST_fsm_state7 bound to: 97'b0000000000000000000000000000000000000000000000000000000000000000000000000000000000000000001000000 
	Parameter ap_ST_fsm_state8 bound to: 97'b0000000000000000000000000000000000000000000000000000000000000000000000000000000000000000010000000 
	Parameter ap_ST_fsm_state9 bound to: 97'b0000000000000000000000000000000000000000000000000000000000000000000000000000000000000000100000000 
	Parameter ap_ST_fsm_state10 bound to: 97'b0000000000000000000000000000000000000000000000000000000000000000000000000000000000000001000000000 
	Parameter ap_ST_fsm_state11 bound to: 97'b0000000000000000000000000000000000000000000000000000000000000000000000000000000000000010000000000 
	Parameter ap_ST_fsm_state12 bound to: 97'b0000000000000000000000000000000000000000000000000000000000000000000000000000000000000100000000000 
	Parameter ap_ST_fsm_state13 bound to: 97'b0000000000000000000000000000000000000000000000000000000000000000000000000000000000001000000000000 
	Parameter ap_ST_fsm_state14 bound to: 97'b0000000000000000000000000000000000000000000000000000000000000000000000000000000000010000000000000 
	Parameter ap_ST_fsm_state15 bound to: 97'b0000000000000000000000000000000000000000000000000000000000000000000000000000000000100000000000000 
	Parameter ap_ST_fsm_state16 bound to: 97'b0000000000000000000000000000000000000000000000000000000000000000000000000000000001000000000000000 
	Parameter ap_ST_fsm_state17 bound to: 97'b0000000000000000000000000000000000000000000000000000000000000000000000000000000010000000000000000 
	Parameter ap_ST_fsm_state18 bound to: 97'b0000000000000000000000000000000000000000000000000000000000000000000000000000000100000000000000000 
	Parameter ap_ST_fsm_state19 bound to: 97'b0000000000000000000000000000000000000000000000000000000000000000000000000000001000000000000000000 
	Parameter ap_ST_fsm_state20 bound to: 97'b0000000000000000000000000000000000000000000000000000000000000000000000000000010000000000000000000 
	Parameter ap_ST_fsm_state21 bound to: 97'b0000000000000000000000000000000000000000000000000000000000000000000000000000100000000000000000000 
	Parameter ap_ST_fsm_state22 bound to: 97'b0000000000000000000000000000000000000000000000000000000000000000000000000001000000000000000000000 
	Parameter ap_ST_fsm_state23 bound to: 97'b0000000000000000000000000000000000000000000000000000000000000000000000000010000000000000000000000 
	Parameter ap_ST_fsm_state24 bound to: 97'b0000000000000000000000000000000000000000000000000000000000000000000000000100000000000000000000000 
	Parameter ap_ST_fsm_state25 bound to: 97'b0000000000000000000000000000000000000000000000000000000000000000000000001000000000000000000000000 
	Parameter ap_ST_fsm_state26 bound to: 97'b0000000000000000000000000000000000000000000000000000000000000000000000010000000000000000000000000 
	Parameter ap_ST_fsm_state27 bound to: 97'b0000000000000000000000000000000000000000000000000000000000000000000000100000000000000000000000000 
	Parameter ap_ST_fsm_state28 bound to: 97'b0000000000000000000000000000000000000000000000000000000000000000000001000000000000000000000000000 
	Parameter ap_ST_fsm_state29 bound to: 97'b0000000000000000000000000000000000000000000000000000000000000000000010000000000000000000000000000 
	Parameter ap_ST_fsm_state30 bound to: 97'b0000000000000000000000000000000000000000000000000000000000000000000100000000000000000000000000000 
	Parameter ap_ST_fsm_state31 bound to: 97'b0000000000000000000000000000000000000000000000000000000000000000001000000000000000000000000000000 
	Parameter ap_ST_fsm_state32 bound to: 97'b0000000000000000000000000000000000000000000000000000000000000000010000000000000000000000000000000 
	Parameter ap_ST_fsm_state33 bound to: 97'b0000000000000000000000000000000000000000000000000000000000000000100000000000000000000000000000000 
	Parameter ap_ST_fsm_state34 bound to: 97'b0000000000000000000000000000000000000000000000000000000000000001000000000000000000000000000000000 
	Parameter ap_ST_fsm_state35 bound to: 97'b0000000000000000000000000000000000000000000000000000000000000010000000000000000000000000000000000 
	Parameter ap_ST_fsm_state36 bound to: 97'b0000000000000000000000000000000000000000000000000000000000000100000000000000000000000000000000000 
	Parameter ap_ST_fsm_state37 bound to: 97'b0000000000000000000000000000000000000000000000000000000000001000000000000000000000000000000000000 
	Parameter ap_ST_fsm_state38 bound to: 97'b0000000000000000000000000000000000000000000000000000000000010000000000000000000000000000000000000 
	Parameter ap_ST_fsm_state39 bound to: 97'b0000000000000000000000000000000000000000000000000000000000100000000000000000000000000000000000000 
	Parameter ap_ST_fsm_state40 bound to: 97'b0000000000000000000000000000000000000000000000000000000001000000000000000000000000000000000000000 
	Parameter ap_ST_fsm_state41 bound to: 97'b0000000000000000000000000000000000000000000000000000000010000000000000000000000000000000000000000 
	Parameter ap_ST_fsm_state42 bound to: 97'b0000000000000000000000000000000000000000000000000000000100000000000000000000000000000000000000000 
	Parameter ap_ST_fsm_state43 bound to: 97'b0000000000000000000000000000000000000000000000000000001000000000000000000000000000000000000000000 
	Parameter ap_ST_fsm_state44 bound to: 97'b0000000000000000000000000000000000000000000000000000010000000000000000000000000000000000000000000 
	Parameter ap_ST_fsm_state45 bound to: 97'b0000000000000000000000000000000000000000000000000000100000000000000000000000000000000000000000000 
	Parameter ap_ST_fsm_state46 bound to: 97'b0000000000000000000000000000000000000000000000000001000000000000000000000000000000000000000000000 
	Parameter ap_ST_fsm_state47 bound to: 97'b0000000000000000000000000000000000000000000000000010000000000000000000000000000000000000000000000 
	Parameter ap_ST_fsm_state48 bound to: 97'b0000000000000000000000000000000000000000000000000100000000000000000000000000000000000000000000000 
	Parameter ap_ST_fsm_state49 bound to: 97'b0000000000000000000000000000000000000000000000001000000000000000000000000000000000000000000000000 
	Parameter ap_ST_fsm_state50 bound to: 97'b0000000000000000000000000000000000000000000000010000000000000000000000000000000000000000000000000 
	Parameter ap_ST_fsm_state51 bound to: 97'b0000000000000000000000000000000000000000000000100000000000000000000000000000000000000000000000000 
	Parameter ap_ST_fsm_state52 bound to: 97'b0000000000000000000000000000000000000000000001000000000000000000000000000000000000000000000000000 
	Parameter ap_ST_fsm_state53 bound to: 97'b0000000000000000000000000000000000000000000010000000000000000000000000000000000000000000000000000 
	Parameter ap_ST_fsm_state54 bound to: 97'b0000000000000000000000000000000000000000000100000000000000000000000000000000000000000000000000000 
	Parameter ap_ST_fsm_state55 bound to: 97'b0000000000000000000000000000000000000000001000000000000000000000000000000000000000000000000000000 
	Parameter ap_ST_fsm_state56 bound to: 97'b0000000000000000000000000000000000000000010000000000000000000000000000000000000000000000000000000 
	Parameter ap_ST_fsm_state57 bound to: 97'b0000000000000000000000000000000000000000100000000000000000000000000000000000000000000000000000000 
	Parameter ap_ST_fsm_state58 bound to: 97'b0000000000000000000000000000000000000001000000000000000000000000000000000000000000000000000000000 
	Parameter ap_ST_fsm_state59 bound to: 97'b0000000000000000000000000000000000000010000000000000000000000000000000000000000000000000000000000 
	Parameter ap_ST_fsm_state60 bound to: 97'b0000000000000000000000000000000000000100000000000000000000000000000000000000000000000000000000000 
	Parameter ap_ST_fsm_state61 bound to: 97'b0000000000000000000000000000000000001000000000000000000000000000000000000000000000000000000000000 
	Parameter ap_ST_fsm_state62 bound to: 97'b0000000000000000000000000000000000010000000000000000000000000000000000000000000000000000000000000 
	Parameter ap_ST_fsm_state63 bound to: 97'b0000000000000000000000000000000000100000000000000000000000000000000000000000000000000000000000000 
	Parameter ap_ST_fsm_state64 bound to: 97'b0000000000000000000000000000000001000000000000000000000000000000000000000000000000000000000000000 
	Parameter ap_ST_fsm_state65 bound to: 97'b0000000000000000000000000000000010000000000000000000000000000000000000000000000000000000000000000 
	Parameter ap_ST_fsm_state66 bound to: 97'b0000000000000000000000000000000100000000000000000000000000000000000000000000000000000000000000000 
	Parameter ap_ST_fsm_state67 bound to: 97'b0000000000000000000000000000001000000000000000000000000000000000000000000000000000000000000000000 
	Parameter ap_ST_fsm_state68 bound to: 97'b0000000000000000000000000000010000000000000000000000000000000000000000000000000000000000000000000 
	Parameter ap_ST_fsm_state69 bound to: 97'b0000000000000000000000000000100000000000000000000000000000000000000000000000000000000000000000000 
	Parameter ap_ST_fsm_state70 bound to: 97'b0000000000000000000000000001000000000000000000000000000000000000000000000000000000000000000000000 
	Parameter ap_ST_fsm_state71 bound to: 97'b0000000000000000000000000010000000000000000000000000000000000000000000000000000000000000000000000 
	Parameter ap_ST_fsm_state72 bound to: 97'b0000000000000000000000000100000000000000000000000000000000000000000000000000000000000000000000000 
	Parameter ap_ST_fsm_state73 bound to: 97'b0000000000000000000000001000000000000000000000000000000000000000000000000000000000000000000000000 
	Parameter ap_ST_fsm_state74 bound to: 97'b0000000000000000000000010000000000000000000000000000000000000000000000000000000000000000000000000 
	Parameter ap_ST_fsm_state75 bound to: 97'b0000000000000000000000100000000000000000000000000000000000000000000000000000000000000000000000000 
	Parameter ap_ST_fsm_state76 bound to: 97'b0000000000000000000001000000000000000000000000000000000000000000000000000000000000000000000000000 
	Parameter ap_ST_fsm_state77 bound to: 97'b0000000000000000000010000000000000000000000000000000000000000000000000000000000000000000000000000 
	Parameter ap_ST_fsm_state78 bound to: 97'b0000000000000000000100000000000000000000000000000000000000000000000000000000000000000000000000000 
	Parameter ap_ST_fsm_state79 bound to: 97'b0000000000000000001000000000000000000000000000000000000000000000000000000000000000000000000000000 
	Parameter ap_ST_fsm_state80 bound to: 97'b0000000000000000010000000000000000000000000000000000000000000000000000000000000000000000000000000 
	Parameter ap_ST_fsm_state81 bound to: 97'b0000000000000000100000000000000000000000000000000000000000000000000000000000000000000000000000000 
	Parameter ap_ST_fsm_state82 bound to: 97'b0000000000000001000000000000000000000000000000000000000000000000000000000000000000000000000000000 
	Parameter ap_ST_fsm_state83 bound to: 97'b0000000000000010000000000000000000000000000000000000000000000000000000000000000000000000000000000 
	Parameter ap_ST_fsm_state84 bound to: 97'b0000000000000100000000000000000000000000000000000000000000000000000000000000000000000000000000000 
	Parameter ap_ST_fsm_state85 bound to: 97'b0000000000001000000000000000000000000000000000000000000000000000000000000000000000000000000000000 
	Parameter ap_ST_fsm_state86 bound to: 97'b0000000000010000000000000000000000000000000000000000000000000000000000000000000000000000000000000 
	Parameter ap_ST_fsm_state87 bound to: 97'b0000000000100000000000000000000000000000000000000000000000000000000000000000000000000000000000000 
	Parameter ap_ST_fsm_state88 bound to: 97'b0000000001000000000000000000000000000000000000000000000000000000000000000000000000000000000000000 
	Parameter ap_ST_fsm_state89 bound to: 97'b0000000010000000000000000000000000000000000000000000000000000000000000000000000000000000000000000 
	Parameter ap_ST_fsm_state90 bound to: 97'b0000000100000000000000000000000000000000000000000000000000000000000000000000000000000000000000000 
	Parameter ap_ST_fsm_state91 bound to: 97'b0000001000000000000000000000000000000000000000000000000000000000000000000000000000000000000000000 
	Parameter ap_ST_fsm_state92 bound to: 97'b0000010000000000000000000000000000000000000000000000000000000000000000000000000000000000000000000 
	Parameter ap_ST_fsm_state93 bound to: 97'b0000100000000000000000000000000000000000000000000000000000000000000000000000000000000000000000000 
	Parameter ap_ST_fsm_state94 bound to: 97'b0001000000000000000000000000000000000000000000000000000000000000000000000000000000000000000000000 
	Parameter ap_ST_fsm_state95 bound to: 97'b0010000000000000000000000000000000000000000000000000000000000000000000000000000000000000000000000 
	Parameter ap_ST_fsm_state96 bound to: 97'b0100000000000000000000000000000000000000000000000000000000000000000000000000000000000000000000000 
	Parameter ap_ST_fsm_state97 bound to: 97'b1000000000000000000000000000000000000000000000000000000000000000000000000000000000000000000000000 
	Parameter C_S_AXI_CONTROL_DATA_WIDTH bound to: 32 - type: integer 
	Parameter C_S_AXI_CONTROL_ADDR_WIDTH bound to: 6 - type: integer 
	Parameter C_S_AXI_DATA_WIDTH bound to: 32 - type: integer 
	Parameter C_S_AXI_CONTROL_WSTRB_WIDTH bound to: 4 - type: integer 
	Parameter C_S_AXI_WSTRB_WIDTH bound to: 4 - type: integer 
INFO: [Synth 8-6157] synthesizing module 'pnq_control_s_axi' [/home/duyliontran/xilinx/zturn-driver/zturn-driver.gen/sources_1/bd/zturn/ipshared/78f4/hdl/verilog/pnq_control_s_axi.v:6]
	Parameter C_S_AXI_ADDR_WIDTH bound to: 6 - type: integer 
	Parameter C_S_AXI_DATA_WIDTH bound to: 32 - type: integer 
	Parameter ADDR_A_DATA_0 bound to: 6'b010000 
	Parameter ADDR_A_CTRL bound to: 6'b010100 
	Parameter ADDR_B_DATA_0 bound to: 6'b011000 
	Parameter ADDR_B_CTRL bound to: 6'b011100 
	Parameter ADDR_C_DATA_0 bound to: 6'b100000 
	Parameter ADDR_C_CTRL bound to: 6'b100100 
	Parameter WRIDLE bound to: 2'b00 
	Parameter WRDATA bound to: 2'b01 
	Parameter WRRESP bound to: 2'b10 
	Parameter WRRESET bound to: 2'b11 
	Parameter RDIDLE bound to: 2'b00 
	Parameter RDDATA bound to: 2'b01 
	Parameter RDRESET bound to: 2'b10 
	Parameter ADDR_BITS bound to: 6 - type: integer 
INFO: [Synth 8-155] case statement is not full and has no default [/home/duyliontran/xilinx/zturn-driver/zturn-driver.gen/sources_1/bd/zturn/ipshared/78f4/hdl/verilog/pnq_control_s_axi.v:181]
INFO: [Synth 8-6155] done synthesizing module 'pnq_control_s_axi' (1#1) [/home/duyliontran/xilinx/zturn-driver/zturn-driver.gen/sources_1/bd/zturn/ipshared/78f4/hdl/verilog/pnq_control_s_axi.v:6]
INFO: [Synth 8-6157] synthesizing module 'pnq_pow_generic_double_s' [/home/duyliontran/xilinx/zturn-driver/zturn-driver.gen/sources_1/bd/zturn/ipshared/78f4/hdl/verilog/pnq_pow_generic_double_s.v:10]
	Parameter ap_ST_fsm_pp0_stage0 bound to: 1'b1 
INFO: [Synth 8-6157] synthesizing module 'pnq_pow_generic_double_s_pow_reduce_anonymous_namespace_log_inverse_lut_table_powbkb' [/home/duyliontran/xilinx/zturn-driver/zturn-driver.gen/sources_1/bd/zturn/ipshared/78f4/hdl/verilog/pnq_pow_generic_double_s_pow_reduce_anonymous_namespace_log_inverse_lut_table_powbkb.v:39]
	Parameter DataWidth bound to: 6 - type: integer 
	Parameter AddressRange bound to: 64 - type: integer 
	Parameter AddressWidth bound to: 6 - type: integer 
INFO: [Synth 8-6157] synthesizing module 'pnq_pow_generic_double_s_pow_reduce_anonymous_namespace_log_inverse_lut_table_powbkb_rom' [/home/duyliontran/xilinx/zturn-driver/zturn-driver.gen/sources_1/bd/zturn/ipshared/78f4/hdl/verilog/pnq_pow_generic_double_s_pow_reduce_anonymous_namespace_log_inverse_lut_table_powbkb.v:6]
	Parameter DWIDTH bound to: 6 - type: integer 
	Parameter AWIDTH bound to: 6 - type: integer 
	Parameter MEM_SIZE bound to: 64 - type: integer 
INFO: [Synth 8-3876] $readmem data file './pnq_pow_generic_double_s_pow_reduce_anonymous_namespace_log_inverse_lut_table_powbkb_rom.dat' is read successfully [/home/duyliontran/xilinx/zturn-driver/zturn-driver.gen/sources_1/bd/zturn/ipshared/78f4/hdl/verilog/pnq_pow_generic_double_s_pow_reduce_anonymous_namespace_log_inverse_lut_table_powbkb.v:21]
INFO: [Synth 8-6155] done synthesizing module 'pnq_pow_generic_double_s_pow_reduce_anonymous_namespace_log_inverse_lut_table_powbkb_rom' (2#1) [/home/duyliontran/xilinx/zturn-driver/zturn-driver.gen/sources_1/bd/zturn/ipshared/78f4/hdl/verilog/pnq_pow_generic_double_s_pow_reduce_anonymous_namespace_log_inverse_lut_table_powbkb.v:6]
INFO: [Synth 8-6155] done synthesizing module 'pnq_pow_generic_double_s_pow_reduce_anonymous_namespace_log_inverse_lut_table_powbkb' (3#1) [/home/duyliontran/xilinx/zturn-driver/zturn-driver.gen/sources_1/bd/zturn/ipshared/78f4/hdl/verilog/pnq_pow_generic_double_s_pow_reduce_anonymous_namespace_log_inverse_lut_table_powbkb.v:39]
INFO: [Synth 8-6157] synthesizing module 'pnq_pow_generic_double_s_pow_reduce_anonymous_namespace_log0_lut_table_ap_fixed_1cud' [/home/duyliontran/xilinx/zturn-driver/zturn-driver.gen/sources_1/bd/zturn/ipshared/78f4/hdl/verilog/pnq_pow_generic_double_s_pow_reduce_anonymous_namespace_log0_lut_table_ap_fixed_1cud.v:39]
	Parameter DataWidth bound to: 109 - type: integer 
	Parameter AddressRange bound to: 64 - type: integer 
	Parameter AddressWidth bound to: 6 - type: integer 
INFO: [Synth 8-6157] synthesizing module 'pnq_pow_generic_double_s_pow_reduce_anonymous_namespace_log0_lut_table_ap_fixed_1cud_rom' [/home/duyliontran/xilinx/zturn-driver/zturn-driver.gen/sources_1/bd/zturn/ipshared/78f4/hdl/verilog/pnq_pow_generic_double_s_pow_reduce_anonymous_namespace_log0_lut_table_ap_fixed_1cud.v:6]
	Parameter DWIDTH bound to: 109 - type: integer 
	Parameter AWIDTH bound to: 6 - type: integer 
	Parameter MEM_SIZE bound to: 64 - type: integer 
INFO: [Synth 8-3876] $readmem data file './pnq_pow_generic_double_s_pow_reduce_anonymous_namespace_log0_lut_table_ap_fixed_1cud_rom.dat' is read successfully [/home/duyliontran/xilinx/zturn-driver/zturn-driver.gen/sources_1/bd/zturn/ipshared/78f4/hdl/verilog/pnq_pow_generic_double_s_pow_reduce_anonymous_namespace_log0_lut_table_ap_fixed_1cud.v:21]
INFO: [Synth 8-6155] done synthesizing module 'pnq_pow_generic_double_s_pow_reduce_anonymous_namespace_log0_lut_table_ap_fixed_1cud_rom' (4#1) [/home/duyliontran/xilinx/zturn-driver/zturn-driver.gen/sources_1/bd/zturn/ipshared/78f4/hdl/verilog/pnq_pow_generic_double_s_pow_reduce_anonymous_namespace_log0_lut_table_ap_fixed_1cud.v:6]
INFO: [Synth 8-6155] done synthesizing module 'pnq_pow_generic_double_s_pow_reduce_anonymous_namespace_log0_lut_table_ap_fixed_1cud' (5#1) [/home/duyliontran/xilinx/zturn-driver/zturn-driver.gen/sources_1/bd/zturn/ipshared/78f4/hdl/verilog/pnq_pow_generic_double_s_pow_reduce_anonymous_namespace_log0_lut_table_ap_fixed_1cud.v:39]
INFO: [Synth 8-6157] synthesizing module 'pnq_pow_generic_double_s_pow_reduce_anonymous_namespace_log_lut_table_ap_fixed_12dEe' [/home/duyliontran/xilinx/zturn-driver/zturn-driver.gen/sources_1/bd/zturn/ipshared/78f4/hdl/verilog/pnq_pow_generic_double_s_pow_reduce_anonymous_namespace_log_lut_table_ap_fixed_12dEe.v:39]
	Parameter DataWidth bound to: 105 - type: integer 
	Parameter AddressRange bound to: 16 - type: integer 
	Parameter AddressWidth bound to: 4 - type: integer 
INFO: [Synth 8-6157] synthesizing module 'pnq_pow_generic_double_s_pow_reduce_anonymous_namespace_log_lut_table_ap_fixed_12dEe_rom' [/home/duyliontran/xilinx/zturn-driver/zturn-driver.gen/sources_1/bd/zturn/ipshared/78f4/hdl/verilog/pnq_pow_generic_double_s_pow_reduce_anonymous_namespace_log_lut_table_ap_fixed_12dEe.v:6]
	Parameter DWIDTH bound to: 105 - type: integer 
	Parameter AWIDTH bound to: 4 - type: integer 
	Parameter MEM_SIZE bound to: 16 - type: integer 
INFO: [Synth 8-3876] $readmem data file './pnq_pow_generic_double_s_pow_reduce_anonymous_namespace_log_lut_table_ap_fixed_12dEe_rom.dat' is read successfully [/home/duyliontran/xilinx/zturn-driver/zturn-driver.gen/sources_1/bd/zturn/ipshared/78f4/hdl/verilog/pnq_pow_generic_double_s_pow_reduce_anonymous_namespace_log_lut_table_ap_fixed_12dEe.v:21]
INFO: [Synth 8-6155] done synthesizing module 'pnq_pow_generic_double_s_pow_reduce_anonymous_namespace_log_lut_table_ap_fixed_12dEe_rom' (6#1) [/home/duyliontran/xilinx/zturn-driver/zturn-driver.gen/sources_1/bd/zturn/ipshared/78f4/hdl/verilog/pnq_pow_generic_double_s_pow_reduce_anonymous_namespace_log_lut_table_ap_fixed_12dEe.v:6]
INFO: [Synth 8-6155] done synthesizing module 'pnq_pow_generic_double_s_pow_reduce_anonymous_namespace_log_lut_table_ap_fixed_12dEe' (7#1) [/home/duyliontran/xilinx/zturn-driver/zturn-driver.gen/sources_1/bd/zturn/ipshared/78f4/hdl/verilog/pnq_pow_generic_double_s_pow_reduce_anonymous_namespace_log_lut_table_ap_fixed_12dEe.v:39]
INFO: [Synth 8-6157] synthesizing module 'pnq_pow_generic_double_s_pow_reduce_anonymous_namespace_log_lut_table_ap_fixed_12eOg' [/home/duyliontran/xilinx/zturn-driver/zturn-driver.gen/sources_1/bd/zturn/ipshared/78f4/hdl/verilog/pnq_pow_generic_double_s_pow_reduce_anonymous_namespace_log_lut_table_ap_fixed_12eOg.v:39]
	Parameter DataWidth bound to: 102 - type: integer 
	Parameter AddressRange bound to: 64 - type: integer 
	Parameter AddressWidth bound to: 6 - type: integer 
INFO: [Synth 8-6157] synthesizing module 'pnq_pow_generic_double_s_pow_reduce_anonymous_namespace_log_lut_table_ap_fixed_12eOg_rom' [/home/duyliontran/xilinx/zturn-driver/zturn-driver.gen/sources_1/bd/zturn/ipshared/78f4/hdl/verilog/pnq_pow_generic_double_s_pow_reduce_anonymous_namespace_log_lut_table_ap_fixed_12eOg.v:6]
	Parameter DWIDTH bound to: 102 - type: integer 
	Parameter AWIDTH bound to: 6 - type: integer 
	Parameter MEM_SIZE bound to: 64 - type: integer 
INFO: [Synth 8-3876] $readmem data file './pnq_pow_generic_double_s_pow_reduce_anonymous_namespace_log_lut_table_ap_fixed_12eOg_rom.dat' is read successfully [/home/duyliontran/xilinx/zturn-driver/zturn-driver.gen/sources_1/bd/zturn/ipshared/78f4/hdl/verilog/pnq_pow_generic_double_s_pow_reduce_anonymous_namespace_log_lut_table_ap_fixed_12eOg.v:21]
INFO: [Synth 8-6155] done synthesizing module 'pnq_pow_generic_double_s_pow_reduce_anonymous_namespace_log_lut_table_ap_fixed_12eOg_rom' (8#1) [/home/duyliontran/xilinx/zturn-driver/zturn-driver.gen/sources_1/bd/zturn/ipshared/78f4/hdl/verilog/pnq_pow_generic_double_s_pow_reduce_anonymous_namespace_log_lut_table_ap_fixed_12eOg.v:6]
INFO: [Synth 8-6155] done synthesizing module 'pnq_pow_generic_double_s_pow_reduce_anonymous_namespace_log_lut_table_ap_fixed_12eOg' (9#1) [/home/duyliontran/xilinx/zturn-driver/zturn-driver.gen/sources_1/bd/zturn/ipshared/78f4/hdl/verilog/pnq_pow_generic_double_s_pow_reduce_anonymous_namespace_log_lut_table_ap_fixed_12eOg.v:39]
INFO: [Synth 8-6157] synthesizing module 'pnq_pow_generic_double_s_pow_reduce_anonymous_namespace_log_lut_table_ap_fixed_12fYi' [/home/duyliontran/xilinx/zturn-driver/zturn-driver.gen/sources_1/bd/zturn/ipshared/78f4/hdl/verilog/pnq_pow_generic_double_s_pow_reduce_anonymous_namespace_log_lut_table_ap_fixed_12fYi.v:39]
	Parameter DataWidth bound to: 97 - type: integer 
	Parameter AddressRange bound to: 64 - type: integer 
	Parameter AddressWidth bound to: 6 - type: integer 
INFO: [Synth 8-6157] synthesizing module 'pnq_pow_generic_double_s_pow_reduce_anonymous_namespace_log_lut_table_ap_fixed_12fYi_rom' [/home/duyliontran/xilinx/zturn-driver/zturn-driver.gen/sources_1/bd/zturn/ipshared/78f4/hdl/verilog/pnq_pow_generic_double_s_pow_reduce_anonymous_namespace_log_lut_table_ap_fixed_12fYi.v:6]
	Parameter DWIDTH bound to: 97 - type: integer 
	Parameter AWIDTH bound to: 6 - type: integer 
	Parameter MEM_SIZE bound to: 64 - type: integer 
INFO: [Synth 8-3876] $readmem data file './pnq_pow_generic_double_s_pow_reduce_anonymous_namespace_log_lut_table_ap_fixed_12fYi_rom.dat' is read successfully [/home/duyliontran/xilinx/zturn-driver/zturn-driver.gen/sources_1/bd/zturn/ipshared/78f4/hdl/verilog/pnq_pow_generic_double_s_pow_reduce_anonymous_namespace_log_lut_table_ap_fixed_12fYi.v:21]
INFO: [Synth 8-6155] done synthesizing module 'pnq_pow_generic_double_s_pow_reduce_anonymous_namespace_log_lut_table_ap_fixed_12fYi_rom' (10#1) [/home/duyliontran/xilinx/zturn-driver/zturn-driver.gen/sources_1/bd/zturn/ipshared/78f4/hdl/verilog/pnq_pow_generic_double_s_pow_reduce_anonymous_namespace_log_lut_table_ap_fixed_12fYi.v:6]
INFO: [Synth 8-6155] done synthesizing module 'pnq_pow_generic_double_s_pow_reduce_anonymous_namespace_log_lut_table_ap_fixed_12fYi' (11#1) [/home/duyliontran/xilinx/zturn-driver/zturn-driver.gen/sources_1/bd/zturn/ipshared/78f4/hdl/verilog/pnq_pow_generic_double_s_pow_reduce_anonymous_namespace_log_lut_table_ap_fixed_12fYi.v:39]
INFO: [Synth 8-6157] synthesizing module 'pnq_pow_generic_double_s_pow_reduce_anonymous_namespace_log_lut_table_ap_fixed_12g8j' [/home/duyliontran/xilinx/zturn-driver/zturn-driver.gen/sources_1/bd/zturn/ipshared/78f4/hdl/verilog/pnq_pow_generic_double_s_pow_reduce_anonymous_namespace_log_lut_table_ap_fixed_12g8j.v:39]
	Parameter DataWidth bound to: 92 - type: integer 
	Parameter AddressRange bound to: 64 - type: integer 
	Parameter AddressWidth bound to: 6 - type: integer 
INFO: [Synth 8-6157] synthesizing module 'pnq_pow_generic_double_s_pow_reduce_anonymous_namespace_log_lut_table_ap_fixed_12g8j_rom' [/home/duyliontran/xilinx/zturn-driver/zturn-driver.gen/sources_1/bd/zturn/ipshared/78f4/hdl/verilog/pnq_pow_generic_double_s_pow_reduce_anonymous_namespace_log_lut_table_ap_fixed_12g8j.v:6]
	Parameter DWIDTH bound to: 92 - type: integer 
	Parameter AWIDTH bound to: 6 - type: integer 
	Parameter MEM_SIZE bound to: 64 - type: integer 
INFO: [Synth 8-3876] $readmem data file './pnq_pow_generic_double_s_pow_reduce_anonymous_namespace_log_lut_table_ap_fixed_12g8j_rom.dat' is read successfully [/home/duyliontran/xilinx/zturn-driver/zturn-driver.gen/sources_1/bd/zturn/ipshared/78f4/hdl/verilog/pnq_pow_generic_double_s_pow_reduce_anonymous_namespace_log_lut_table_ap_fixed_12g8j.v:21]
INFO: [Synth 8-6155] done synthesizing module 'pnq_pow_generic_double_s_pow_reduce_anonymous_namespace_log_lut_table_ap_fixed_12g8j_rom' (12#1) [/home/duyliontran/xilinx/zturn-driver/zturn-driver.gen/sources_1/bd/zturn/ipshared/78f4/hdl/verilog/pnq_pow_generic_double_s_pow_reduce_anonymous_namespace_log_lut_table_ap_fixed_12g8j.v:6]
INFO: [Synth 8-6155] done synthesizing module 'pnq_pow_generic_double_s_pow_reduce_anonymous_namespace_log_lut_table_ap_fixed_12g8j' (13#1) [/home/duyliontran/xilinx/zturn-driver/zturn-driver.gen/sources_1/bd/zturn/ipshared/78f4/hdl/verilog/pnq_pow_generic_double_s_pow_reduce_anonymous_namespace_log_lut_table_ap_fixed_12g8j.v:39]
INFO: [Synth 8-6157] synthesizing module 'pnq_pow_generic_double_s_pow_reduce_anonymous_namespace_log_lut_table_ap_fixed_12hbi' [/home/duyliontran/xilinx/zturn-driver/zturn-driver.gen/sources_1/bd/zturn/ipshared/78f4/hdl/verilog/pnq_pow_generic_double_s_pow_reduce_anonymous_namespace_log_lut_table_ap_fixed_12hbi.v:39]
	Parameter DataWidth bound to: 87 - type: integer 
	Parameter AddressRange bound to: 64 - type: integer 
	Parameter AddressWidth bound to: 6 - type: integer 
INFO: [Synth 8-6157] synthesizing module 'pnq_pow_generic_double_s_pow_reduce_anonymous_namespace_log_lut_table_ap_fixed_12hbi_rom' [/home/duyliontran/xilinx/zturn-driver/zturn-driver.gen/sources_1/bd/zturn/ipshared/78f4/hdl/verilog/pnq_pow_generic_double_s_pow_reduce_anonymous_namespace_log_lut_table_ap_fixed_12hbi.v:6]
	Parameter DWIDTH bound to: 87 - type: integer 
	Parameter AWIDTH bound to: 6 - type: integer 
	Parameter MEM_SIZE bound to: 64 - type: integer 
INFO: [Synth 8-3876] $readmem data file './pnq_pow_generic_double_s_pow_reduce_anonymous_namespace_log_lut_table_ap_fixed_12hbi_rom.dat' is read successfully [/home/duyliontran/xilinx/zturn-driver/zturn-driver.gen/sources_1/bd/zturn/ipshared/78f4/hdl/verilog/pnq_pow_generic_double_s_pow_reduce_anonymous_namespace_log_lut_table_ap_fixed_12hbi.v:21]
INFO: [Synth 8-6155] done synthesizing module 'pnq_pow_generic_double_s_pow_reduce_anonymous_namespace_log_lut_table_ap_fixed_12hbi_rom' (14#1) [/home/duyliontran/xilinx/zturn-driver/zturn-driver.gen/sources_1/bd/zturn/ipshared/78f4/hdl/verilog/pnq_pow_generic_double_s_pow_reduce_anonymous_namespace_log_lut_table_ap_fixed_12hbi.v:6]
INFO: [Synth 8-6155] done synthesizing module 'pnq_pow_generic_double_s_pow_reduce_anonymous_namespace_log_lut_table_ap_fixed_12hbi' (15#1) [/home/duyliontran/xilinx/zturn-driver/zturn-driver.gen/sources_1/bd/zturn/ipshared/78f4/hdl/verilog/pnq_pow_generic_double_s_pow_reduce_anonymous_namespace_log_lut_table_ap_fixed_12hbi.v:39]
INFO: [Synth 8-6157] synthesizing module 'pnq_pow_generic_double_s_pow_reduce_anonymous_namespace_log_lut_table_ap_fixed_12ibs' [/home/duyliontran/xilinx/zturn-driver/zturn-driver.gen/sources_1/bd/zturn/ipshared/78f4/hdl/verilog/pnq_pow_generic_double_s_pow_reduce_anonymous_namespace_log_lut_table_ap_fixed_12ibs.v:39]
	Parameter DataWidth bound to: 82 - type: integer 
	Parameter AddressRange bound to: 64 - type: integer 
	Parameter AddressWidth bound to: 6 - type: integer 
INFO: [Synth 8-6157] synthesizing module 'pnq_pow_generic_double_s_pow_reduce_anonymous_namespace_log_lut_table_ap_fixed_12ibs_rom' [/home/duyliontran/xilinx/zturn-driver/zturn-driver.gen/sources_1/bd/zturn/ipshared/78f4/hdl/verilog/pnq_pow_generic_double_s_pow_reduce_anonymous_namespace_log_lut_table_ap_fixed_12ibs.v:6]
	Parameter DWIDTH bound to: 82 - type: integer 
	Parameter AWIDTH bound to: 6 - type: integer 
	Parameter MEM_SIZE bound to: 64 - type: integer 
INFO: [Synth 8-3876] $readmem data file './pnq_pow_generic_double_s_pow_reduce_anonymous_namespace_log_lut_table_ap_fixed_12ibs_rom.dat' is read successfully [/home/duyliontran/xilinx/zturn-driver/zturn-driver.gen/sources_1/bd/zturn/ipshared/78f4/hdl/verilog/pnq_pow_generic_double_s_pow_reduce_anonymous_namespace_log_lut_table_ap_fixed_12ibs.v:21]
INFO: [Synth 8-6155] done synthesizing module 'pnq_pow_generic_double_s_pow_reduce_anonymous_namespace_log_lut_table_ap_fixed_12ibs_rom' (16#1) [/home/duyliontran/xilinx/zturn-driver/zturn-driver.gen/sources_1/bd/zturn/ipshared/78f4/hdl/verilog/pnq_pow_generic_double_s_pow_reduce_anonymous_namespace_log_lut_table_ap_fixed_12ibs.v:6]
INFO: [Synth 8-6155] done synthesizing module 'pnq_pow_generic_double_s_pow_reduce_anonymous_namespace_log_lut_table_ap_fixed_12ibs' (17#1) [/home/duyliontran/xilinx/zturn-driver/zturn-driver.gen/sources_1/bd/zturn/ipshared/78f4/hdl/verilog/pnq_pow_generic_double_s_pow_reduce_anonymous_namespace_log_lut_table_ap_fixed_12ibs.v:39]
INFO: [Synth 8-6157] synthesizing module 'pnq_pow_generic_double_s_pow_reduce_anonymous_namespace_log_lut_table_ap_fixed_12jbC' [/home/duyliontran/xilinx/zturn-driver/zturn-driver.gen/sources_1/bd/zturn/ipshared/78f4/hdl/verilog/pnq_pow_generic_double_s_pow_reduce_anonymous_namespace_log_lut_table_ap_fixed_12jbC.v:39]
	Parameter DataWidth bound to: 77 - type: integer 
	Parameter AddressRange bound to: 64 - type: integer 
	Parameter AddressWidth bound to: 6 - type: integer 
INFO: [Synth 8-6157] synthesizing module 'pnq_pow_generic_double_s_pow_reduce_anonymous_namespace_log_lut_table_ap_fixed_12jbC_rom' [/home/duyliontran/xilinx/zturn-driver/zturn-driver.gen/sources_1/bd/zturn/ipshared/78f4/hdl/verilog/pnq_pow_generic_double_s_pow_reduce_anonymous_namespace_log_lut_table_ap_fixed_12jbC.v:6]
	Parameter DWIDTH bound to: 77 - type: integer 
	Parameter AWIDTH bound to: 6 - type: integer 
	Parameter MEM_SIZE bound to: 64 - type: integer 
INFO: [Synth 8-3876] $readmem data file './pnq_pow_generic_double_s_pow_reduce_anonymous_namespace_log_lut_table_ap_fixed_12jbC_rom.dat' is read successfully [/home/duyliontran/xilinx/zturn-driver/zturn-driver.gen/sources_1/bd/zturn/ipshared/78f4/hdl/verilog/pnq_pow_generic_double_s_pow_reduce_anonymous_namespace_log_lut_table_ap_fixed_12jbC.v:21]
INFO: [Synth 8-6155] done synthesizing module 'pnq_pow_generic_double_s_pow_reduce_anonymous_namespace_log_lut_table_ap_fixed_12jbC_rom' (18#1) [/home/duyliontran/xilinx/zturn-driver/zturn-driver.gen/sources_1/bd/zturn/ipshared/78f4/hdl/verilog/pnq_pow_generic_double_s_pow_reduce_anonymous_namespace_log_lut_table_ap_fixed_12jbC.v:6]
INFO: [Synth 8-6155] done synthesizing module 'pnq_pow_generic_double_s_pow_reduce_anonymous_namespace_log_lut_table_ap_fixed_12jbC' (19#1) [/home/duyliontran/xilinx/zturn-driver/zturn-driver.gen/sources_1/bd/zturn/ipshared/78f4/hdl/verilog/pnq_pow_generic_double_s_pow_reduce_anonymous_namespace_log_lut_table_ap_fixed_12jbC.v:39]
INFO: [Synth 8-6157] synthesizing module 'pnq_pow_generic_double_s_pow_reduce_anonymous_namespace_table_exp_Z1_ap_ufixed_58kbM' [/home/duyliontran/xilinx/zturn-driver/zturn-driver.gen/sources_1/bd/zturn/ipshared/78f4/hdl/verilog/pnq_pow_generic_double_s_pow_reduce_anonymous_namespace_table_exp_Z1_ap_ufixed_58kbM.v:39]
	Parameter DataWidth bound to: 58 - type: integer 
	Parameter AddressRange bound to: 256 - type: integer 
	Parameter AddressWidth bound to: 8 - type: integer 
INFO: [Synth 8-6157] synthesizing module 'pnq_pow_generic_double_s_pow_reduce_anonymous_namespace_table_exp_Z1_ap_ufixed_58kbM_rom' [/home/duyliontran/xilinx/zturn-driver/zturn-driver.gen/sources_1/bd/zturn/ipshared/78f4/hdl/verilog/pnq_pow_generic_double_s_pow_reduce_anonymous_namespace_table_exp_Z1_ap_ufixed_58kbM.v:6]
	Parameter DWIDTH bound to: 58 - type: integer 
	Parameter AWIDTH bound to: 8 - type: integer 
	Parameter MEM_SIZE bound to: 256 - type: integer 
INFO: [Synth 8-3876] $readmem data file './pnq_pow_generic_double_s_pow_reduce_anonymous_namespace_table_exp_Z1_ap_ufixed_58kbM_rom.dat' is read successfully [/home/duyliontran/xilinx/zturn-driver/zturn-driver.gen/sources_1/bd/zturn/ipshared/78f4/hdl/verilog/pnq_pow_generic_double_s_pow_reduce_anonymous_namespace_table_exp_Z1_ap_ufixed_58kbM.v:21]
INFO: [Synth 8-6155] done synthesizing module 'pnq_pow_generic_double_s_pow_reduce_anonymous_namespace_table_exp_Z1_ap_ufixed_58kbM_rom' (20#1) [/home/duyliontran/xilinx/zturn-driver/zturn-driver.gen/sources_1/bd/zturn/ipshared/78f4/hdl/verilog/pnq_pow_generic_double_s_pow_reduce_anonymous_namespace_table_exp_Z1_ap_ufixed_58kbM.v:6]
INFO: [Synth 8-6155] done synthesizing module 'pnq_pow_generic_double_s_pow_reduce_anonymous_namespace_table_exp_Z1_ap_ufixed_58kbM' (21#1) [/home/duyliontran/xilinx/zturn-driver/zturn-driver.gen/sources_1/bd/zturn/ipshared/78f4/hdl/verilog/pnq_pow_generic_double_s_pow_reduce_anonymous_namespace_table_exp_Z1_ap_ufixed_58kbM.v:39]
INFO: [Synth 8-6157] synthesizing module 'pnq_pow_generic_double_s_pow_reduce_anonymous_namespace_table_f_Z3_ap_ufixed_59_0lbW' [/home/duyliontran/xilinx/zturn-driver/zturn-driver.gen/sources_1/bd/zturn/ipshared/78f4/hdl/verilog/pnq_pow_generic_double_s_pow_reduce_anonymous_namespace_table_f_Z3_ap_ufixed_59_0lbW.v:52]
	Parameter DataWidth bound to: 26 - type: integer 
	Parameter AddressRange bound to: 256 - type: integer 
	Parameter AddressWidth bound to: 8 - type: integer 
INFO: [Synth 8-6157] synthesizing module 'pnq_pow_generic_double_s_pow_reduce_anonymous_namespace_table_f_Z3_ap_ufixed_59_0lbW_rom' [/home/duyliontran/xilinx/zturn-driver/zturn-driver.gen/sources_1/bd/zturn/ipshared/78f4/hdl/verilog/pnq_pow_generic_double_s_pow_reduce_anonymous_namespace_table_f_Z3_ap_ufixed_59_0lbW.v:6]
	Parameter DWIDTH bound to: 26 - type: integer 
	Parameter AWIDTH bound to: 8 - type: integer 
	Parameter MEM_SIZE bound to: 256 - type: integer 
INFO: [Synth 8-3876] $readmem data file './pnq_pow_generic_double_s_pow_reduce_anonymous_namespace_table_f_Z3_ap_ufixed_59_0lbW_rom.dat' is read successfully [/home/duyliontran/xilinx/zturn-driver/zturn-driver.gen/sources_1/bd/zturn/ipshared/78f4/hdl/verilog/pnq_pow_generic_double_s_pow_reduce_anonymous_namespace_table_f_Z3_ap_ufixed_59_0lbW.v:24]
INFO: [Synth 8-6155] done synthesizing module 'pnq_pow_generic_double_s_pow_reduce_anonymous_namespace_table_f_Z3_ap_ufixed_59_0lbW_rom' (22#1) [/home/duyliontran/xilinx/zturn-driver/zturn-driver.gen/sources_1/bd/zturn/ipshared/78f4/hdl/verilog/pnq_pow_generic_double_s_pow_reduce_anonymous_namespace_table_f_Z3_ap_ufixed_59_0lbW.v:6]
INFO: [Synth 8-6155] done synthesizing module 'pnq_pow_generic_double_s_pow_reduce_anonymous_namespace_table_f_Z3_ap_ufixed_59_0lbW' (23#1) [/home/duyliontran/xilinx/zturn-driver/zturn-driver.gen/sources_1/bd/zturn/ipshared/78f4/hdl/verilog/pnq_pow_generic_double_s_pow_reduce_anonymous_namespace_table_f_Z3_ap_ufixed_59_0lbW.v:52]
INFO: [Synth 8-6157] synthesizing module 'pnq_pow_generic_double_s_pow_reduce_anonymous_namespace_table_f_Z2_ap_ufixed_59_0mb6' [/home/duyliontran/xilinx/zturn-driver/zturn-driver.gen/sources_1/bd/zturn/ipshared/78f4/hdl/verilog/pnq_pow_generic_double_s_pow_reduce_anonymous_namespace_table_f_Z2_ap_ufixed_59_0mb6.v:39]
	Parameter DataWidth bound to: 42 - type: integer 
	Parameter AddressRange bound to: 256 - type: integer 
	Parameter AddressWidth bound to: 8 - type: integer 
INFO: [Synth 8-6157] synthesizing module 'pnq_pow_generic_double_s_pow_reduce_anonymous_namespace_table_f_Z2_ap_ufixed_59_0mb6_rom' [/home/duyliontran/xilinx/zturn-driver/zturn-driver.gen/sources_1/bd/zturn/ipshared/78f4/hdl/verilog/pnq_pow_generic_double_s_pow_reduce_anonymous_namespace_table_f_Z2_ap_ufixed_59_0mb6.v:6]
	Parameter DWIDTH bound to: 42 - type: integer 
	Parameter AWIDTH bound to: 8 - type: integer 
	Parameter MEM_SIZE bound to: 256 - type: integer 
INFO: [Synth 8-3876] $readmem data file './pnq_pow_generic_double_s_pow_reduce_anonymous_namespace_table_f_Z2_ap_ufixed_59_0mb6_rom.dat' is read successfully [/home/duyliontran/xilinx/zturn-driver/zturn-driver.gen/sources_1/bd/zturn/ipshared/78f4/hdl/verilog/pnq_pow_generic_double_s_pow_reduce_anonymous_namespace_table_f_Z2_ap_ufixed_59_0mb6.v:21]
INFO: [Synth 8-6155] done synthesizing module 'pnq_pow_generic_double_s_pow_reduce_anonymous_namespace_table_f_Z2_ap_ufixed_59_0mb6_rom' (24#1) [/home/duyliontran/xilinx/zturn-driver/zturn-driver.gen/sources_1/bd/zturn/ipshared/78f4/hdl/verilog/pnq_pow_generic_double_s_pow_reduce_anonymous_namespace_table_f_Z2_ap_ufixed_59_0mb6.v:6]
INFO: [Synth 8-6155] done synthesizing module 'pnq_pow_generic_double_s_pow_reduce_anonymous_namespace_table_f_Z2_ap_ufixed_59_0mb6' (25#1) [/home/duyliontran/xilinx/zturn-driver/zturn-driver.gen/sources_1/bd/zturn/ipshared/78f4/hdl/verilog/pnq_pow_generic_double_s_pow_reduce_anonymous_namespace_table_f_Z2_ap_ufixed_59_0mb6.v:39]
INFO: [Synth 8-6157] synthesizing module 'pnq_mul_54s_6ns_54_5_1' [/home/duyliontran/xilinx/zturn-driver/zturn-driver.gen/sources_1/bd/zturn/ipshared/78f4/hdl/verilog/pnq_mul_54s_6ns_54_5_1.v:35]
	Parameter ID bound to: 1 - type: integer 
	Parameter NUM_STAGE bound to: 5 - type: integer 
	Parameter din0_WIDTH bound to: 54 - type: integer 
	Parameter din1_WIDTH bound to: 6 - type: integer 
	Parameter dout_WIDTH bound to: 54 - type: integer 
INFO: [Synth 8-6157] synthesizing module 'pnq_mul_54s_6ns_54_5_1_Multiplier_0' [/home/duyliontran/xilinx/zturn-driver/zturn-driver.gen/sources_1/bd/zturn/ipshared/78f4/hdl/verilog/pnq_mul_54s_6ns_54_5_1.v:8]
INFO: [Synth 8-6155] done synthesizing module 'pnq_mul_54s_6ns_54_5_1_Multiplier_0' (26#1) [/home/duyliontran/xilinx/zturn-driver/zturn-driver.gen/sources_1/bd/zturn/ipshared/78f4/hdl/verilog/pnq_mul_54s_6ns_54_5_1.v:8]
INFO: [Synth 8-6155] done synthesizing module 'pnq_mul_54s_6ns_54_5_1' (27#1) [/home/duyliontran/xilinx/zturn-driver/zturn-driver.gen/sources_1/bd/zturn/ipshared/78f4/hdl/verilog/pnq_mul_54s_6ns_54_5_1.v:35]
INFO: [Synth 8-6157] synthesizing module 'pnq_mul_71ns_4ns_75_5_1' [/home/duyliontran/xilinx/zturn-driver/zturn-driver.gen/sources_1/bd/zturn/ipshared/78f4/hdl/verilog/pnq_mul_71ns_4ns_75_5_1.v:35]
	Parameter ID bound to: 1 - type: integer 
	Parameter NUM_STAGE bound to: 5 - type: integer 
	Parameter din0_WIDTH bound to: 71 - type: integer 
	Parameter din1_WIDTH bound to: 4 - type: integer 
	Parameter dout_WIDTH bound to: 75 - type: integer 
INFO: [Synth 8-6157] synthesizing module 'pnq_mul_71ns_4ns_75_5_1_Multiplier_1' [/home/duyliontran/xilinx/zturn-driver/zturn-driver.gen/sources_1/bd/zturn/ipshared/78f4/hdl/verilog/pnq_mul_71ns_4ns_75_5_1.v:8]
INFO: [Synth 8-6155] done synthesizing module 'pnq_mul_71ns_4ns_75_5_1_Multiplier_1' (28#1) [/home/duyliontran/xilinx/zturn-driver/zturn-driver.gen/sources_1/bd/zturn/ipshared/78f4/hdl/verilog/pnq_mul_71ns_4ns_75_5_1.v:8]
INFO: [Synth 8-6155] done synthesizing module 'pnq_mul_71ns_4ns_75_5_1' (29#1) [/home/duyliontran/xilinx/zturn-driver/zturn-driver.gen/sources_1/bd/zturn/ipshared/78f4/hdl/verilog/pnq_mul_71ns_4ns_75_5_1.v:35]
INFO: [Synth 8-6157] synthesizing module 'pnq_mul_73ns_6ns_79_5_1' [/home/duyliontran/xilinx/zturn-driver/zturn-driver.gen/sources_1/bd/zturn/ipshared/78f4/hdl/verilog/pnq_mul_73ns_6ns_79_5_1.v:35]
	Parameter ID bound to: 1 - type: integer 
	Parameter NUM_STAGE bound to: 5 - type: integer 
	Parameter din0_WIDTH bound to: 73 - type: integer 
	Parameter din1_WIDTH bound to: 6 - type: integer 
	Parameter dout_WIDTH bound to: 79 - type: integer 
INFO: [Synth 8-6157] synthesizing module 'pnq_mul_73ns_6ns_79_5_1_Multiplier_2' [/home/duyliontran/xilinx/zturn-driver/zturn-driver.gen/sources_1/bd/zturn/ipshared/78f4/hdl/verilog/pnq_mul_73ns_6ns_79_5_1.v:8]
INFO: [Synth 8-6155] done synthesizing module 'pnq_mul_73ns_6ns_79_5_1_Multiplier_2' (30#1) [/home/duyliontran/xilinx/zturn-driver/zturn-driver.gen/sources_1/bd/zturn/ipshared/78f4/hdl/verilog/pnq_mul_73ns_6ns_79_5_1.v:8]
INFO: [Synth 8-6155] done synthesizing module 'pnq_mul_73ns_6ns_79_5_1' (31#1) [/home/duyliontran/xilinx/zturn-driver/zturn-driver.gen/sources_1/bd/zturn/ipshared/78f4/hdl/verilog/pnq_mul_73ns_6ns_79_5_1.v:35]
INFO: [Synth 8-6157] synthesizing module 'pnq_mul_83ns_6ns_89_5_1' [/home/duyliontran/xilinx/zturn-driver/zturn-driver.gen/sources_1/bd/zturn/ipshared/78f4/hdl/verilog/pnq_mul_83ns_6ns_89_5_1.v:35]
	Parameter ID bound to: 1 - type: integer 
	Parameter NUM_STAGE bound to: 5 - type: integer 
	Parameter din0_WIDTH bound to: 83 - type: integer 
	Parameter din1_WIDTH bound to: 6 - type: integer 
	Parameter dout_WIDTH bound to: 89 - type: integer 
INFO: [Synth 8-6157] synthesizing module 'pnq_mul_83ns_6ns_89_5_1_Multiplier_3' [/home/duyliontran/xilinx/zturn-driver/zturn-driver.gen/sources_1/bd/zturn/ipshared/78f4/hdl/verilog/pnq_mul_83ns_6ns_89_5_1.v:8]
INFO: [Synth 8-6155] done synthesizing module 'pnq_mul_83ns_6ns_89_5_1_Multiplier_3' (32#1) [/home/duyliontran/xilinx/zturn-driver/zturn-driver.gen/sources_1/bd/zturn/ipshared/78f4/hdl/verilog/pnq_mul_83ns_6ns_89_5_1.v:8]
INFO: [Synth 8-6155] done synthesizing module 'pnq_mul_83ns_6ns_89_5_1' (33#1) [/home/duyliontran/xilinx/zturn-driver/zturn-driver.gen/sources_1/bd/zturn/ipshared/78f4/hdl/verilog/pnq_mul_83ns_6ns_89_5_1.v:35]
INFO: [Synth 8-6157] synthesizing module 'pnq_mul_92ns_6ns_98_5_1' [/home/duyliontran/xilinx/zturn-driver/zturn-driver.gen/sources_1/bd/zturn/ipshared/78f4/hdl/verilog/pnq_mul_92ns_6ns_98_5_1.v:35]
	Parameter ID bound to: 1 - type: integer 
	Parameter NUM_STAGE bound to: 5 - type: integer 
	Parameter din0_WIDTH bound to: 92 - type: integer 
	Parameter din1_WIDTH bound to: 6 - type: integer 
	Parameter dout_WIDTH bound to: 98 - type: integer 
INFO: [Synth 8-6157] synthesizing module 'pnq_mul_92ns_6ns_98_5_1_Multiplier_4' [/home/duyliontran/xilinx/zturn-driver/zturn-driver.gen/sources_1/bd/zturn/ipshared/78f4/hdl/verilog/pnq_mul_92ns_6ns_98_5_1.v:8]
INFO: [Synth 8-6155] done synthesizing module 'pnq_mul_92ns_6ns_98_5_1_Multiplier_4' (34#1) [/home/duyliontran/xilinx/zturn-driver/zturn-driver.gen/sources_1/bd/zturn/ipshared/78f4/hdl/verilog/pnq_mul_92ns_6ns_98_5_1.v:8]
INFO: [Synth 8-6155] done synthesizing module 'pnq_mul_92ns_6ns_98_5_1' (35#1) [/home/duyliontran/xilinx/zturn-driver/zturn-driver.gen/sources_1/bd/zturn/ipshared/78f4/hdl/verilog/pnq_mul_92ns_6ns_98_5_1.v:35]
INFO: [Synth 8-6157] synthesizing module 'pnq_mul_87ns_6ns_93_5_1' [/home/duyliontran/xilinx/zturn-driver/zturn-driver.gen/sources_1/bd/zturn/ipshared/78f4/hdl/verilog/pnq_mul_87ns_6ns_93_5_1.v:35]
	Parameter ID bound to: 1 - type: integer 
	Parameter NUM_STAGE bound to: 5 - type: integer 
	Parameter din0_WIDTH bound to: 87 - type: integer 
	Parameter din1_WIDTH bound to: 6 - type: integer 
	Parameter dout_WIDTH bound to: 93 - type: integer 
INFO: [Synth 8-6157] synthesizing module 'pnq_mul_87ns_6ns_93_5_1_Multiplier_5' [/home/duyliontran/xilinx/zturn-driver/zturn-driver.gen/sources_1/bd/zturn/ipshared/78f4/hdl/verilog/pnq_mul_87ns_6ns_93_5_1.v:8]
INFO: [Synth 8-6155] done synthesizing module 'pnq_mul_87ns_6ns_93_5_1_Multiplier_5' (36#1) [/home/duyliontran/xilinx/zturn-driver/zturn-driver.gen/sources_1/bd/zturn/ipshared/78f4/hdl/verilog/pnq_mul_87ns_6ns_93_5_1.v:8]
INFO: [Synth 8-6155] done synthesizing module 'pnq_mul_87ns_6ns_93_5_1' (37#1) [/home/duyliontran/xilinx/zturn-driver/zturn-driver.gen/sources_1/bd/zturn/ipshared/78f4/hdl/verilog/pnq_mul_87ns_6ns_93_5_1.v:35]
INFO: [Synth 8-6157] synthesizing module 'pnq_mul_82ns_6ns_88_5_1' [/home/duyliontran/xilinx/zturn-driver/zturn-driver.gen/sources_1/bd/zturn/ipshared/78f4/hdl/verilog/pnq_mul_82ns_6ns_88_5_1.v:35]
	Parameter ID bound to: 1 - type: integer 
	Parameter NUM_STAGE bound to: 5 - type: integer 
	Parameter din0_WIDTH bound to: 82 - type: integer 
	Parameter din1_WIDTH bound to: 6 - type: integer 
	Parameter dout_WIDTH bound to: 88 - type: integer 
INFO: [Synth 8-6157] synthesizing module 'pnq_mul_82ns_6ns_88_5_1_Multiplier_6' [/home/duyliontran/xilinx/zturn-driver/zturn-driver.gen/sources_1/bd/zturn/ipshared/78f4/hdl/verilog/pnq_mul_82ns_6ns_88_5_1.v:8]
INFO: [Synth 8-6155] done synthesizing module 'pnq_mul_82ns_6ns_88_5_1_Multiplier_6' (38#1) [/home/duyliontran/xilinx/zturn-driver/zturn-driver.gen/sources_1/bd/zturn/ipshared/78f4/hdl/verilog/pnq_mul_82ns_6ns_88_5_1.v:8]
INFO: [Synth 8-6155] done synthesizing module 'pnq_mul_82ns_6ns_88_5_1' (39#1) [/home/duyliontran/xilinx/zturn-driver/zturn-driver.gen/sources_1/bd/zturn/ipshared/78f4/hdl/verilog/pnq_mul_82ns_6ns_88_5_1.v:35]
INFO: [Synth 8-6157] synthesizing module 'pnq_mul_77ns_6ns_83_5_1' [/home/duyliontran/xilinx/zturn-driver/zturn-driver.gen/sources_1/bd/zturn/ipshared/78f4/hdl/verilog/pnq_mul_77ns_6ns_83_5_1.v:35]
	Parameter ID bound to: 1 - type: integer 
	Parameter NUM_STAGE bound to: 5 - type: integer 
	Parameter din0_WIDTH bound to: 77 - type: integer 
	Parameter din1_WIDTH bound to: 6 - type: integer 
	Parameter dout_WIDTH bound to: 83 - type: integer 
INFO: [Synth 8-6157] synthesizing module 'pnq_mul_77ns_6ns_83_5_1_Multiplier_7' [/home/duyliontran/xilinx/zturn-driver/zturn-driver.gen/sources_1/bd/zturn/ipshared/78f4/hdl/verilog/pnq_mul_77ns_6ns_83_5_1.v:8]
INFO: [Synth 8-6155] done synthesizing module 'pnq_mul_77ns_6ns_83_5_1_Multiplier_7' (40#1) [/home/duyliontran/xilinx/zturn-driver/zturn-driver.gen/sources_1/bd/zturn/ipshared/78f4/hdl/verilog/pnq_mul_77ns_6ns_83_5_1.v:8]
INFO: [Synth 8-6155] done synthesizing module 'pnq_mul_77ns_6ns_83_5_1' (41#1) [/home/duyliontran/xilinx/zturn-driver/zturn-driver.gen/sources_1/bd/zturn/ipshared/78f4/hdl/verilog/pnq_mul_77ns_6ns_83_5_1.v:35]
INFO: [Synth 8-6157] synthesizing module 'pnq_mul_12s_80ns_90_5_1' [/home/duyliontran/xilinx/zturn-driver/zturn-driver.gen/sources_1/bd/zturn/ipshared/78f4/hdl/verilog/pnq_mul_12s_80ns_90_5_1.v:35]
	Parameter ID bound to: 1 - type: integer 
	Parameter NUM_STAGE bound to: 5 - type: integer 
	Parameter din0_WIDTH bound to: 12 - type: integer 
	Parameter din1_WIDTH bound to: 80 - type: integer 
	Parameter dout_WIDTH bound to: 90 - type: integer 
INFO: [Synth 8-6157] synthesizing module 'pnq_mul_12s_80ns_90_5_1_Multiplier_8' [/home/duyliontran/xilinx/zturn-driver/zturn-driver.gen/sources_1/bd/zturn/ipshared/78f4/hdl/verilog/pnq_mul_12s_80ns_90_5_1.v:8]
INFO: [Synth 8-6155] done synthesizing module 'pnq_mul_12s_80ns_90_5_1_Multiplier_8' (42#1) [/home/duyliontran/xilinx/zturn-driver/zturn-driver.gen/sources_1/bd/zturn/ipshared/78f4/hdl/verilog/pnq_mul_12s_80ns_90_5_1.v:8]
INFO: [Synth 8-6155] done synthesizing module 'pnq_mul_12s_80ns_90_5_1' (43#1) [/home/duyliontran/xilinx/zturn-driver/zturn-driver.gen/sources_1/bd/zturn/ipshared/78f4/hdl/verilog/pnq_mul_12s_80ns_90_5_1.v:35]
INFO: [Synth 8-6157] synthesizing module 'pnq_mul_40ns_40ns_80_2_1' [/home/duyliontran/xilinx/zturn-driver/zturn-driver.gen/sources_1/bd/zturn/ipshared/78f4/hdl/verilog/pnq_mul_40ns_40ns_80_2_1.v:25]
	Parameter ID bound to: 1 - type: integer 
	Parameter NUM_STAGE bound to: 2 - type: integer 
	Parameter din0_WIDTH bound to: 40 - type: integer 
	Parameter din1_WIDTH bound to: 40 - type: integer 
	Parameter dout_WIDTH bound to: 80 - type: integer 
INFO: [Synth 8-6157] synthesizing module 'pnq_mul_40ns_40ns_80_2_1_Multiplier_9' [/home/duyliontran/xilinx/zturn-driver/zturn-driver.gen/sources_1/bd/zturn/ipshared/78f4/hdl/verilog/pnq_mul_40ns_40ns_80_2_1.v:8]
INFO: [Synth 8-6155] done synthesizing module 'pnq_mul_40ns_40ns_80_2_1_Multiplier_9' (44#1) [/home/duyliontran/xilinx/zturn-driver/zturn-driver.gen/sources_1/bd/zturn/ipshared/78f4/hdl/verilog/pnq_mul_40ns_40ns_80_2_1.v:8]
INFO: [Synth 8-6155] done synthesizing module 'pnq_mul_40ns_40ns_80_2_1' (45#1) [/home/duyliontran/xilinx/zturn-driver/zturn-driver.gen/sources_1/bd/zturn/ipshared/78f4/hdl/verilog/pnq_mul_40ns_40ns_80_2_1.v:25]
INFO: [Synth 8-6157] synthesizing module 'pnq_mul_13s_71s_71_5_1' [/home/duyliontran/xilinx/zturn-driver/zturn-driver.gen/sources_1/bd/zturn/ipshared/78f4/hdl/verilog/pnq_mul_13s_71s_71_5_1.v:35]
	Parameter ID bound to: 1 - type: integer 
	Parameter NUM_STAGE bound to: 5 - type: integer 
	Parameter din0_WIDTH bound to: 13 - type: integer 
	Parameter din1_WIDTH bound to: 71 - type: integer 
	Parameter dout_WIDTH bound to: 71 - type: integer 
INFO: [Synth 8-6157] synthesizing module 'pnq_mul_13s_71s_71_5_1_Multiplier_10' [/home/duyliontran/xilinx/zturn-driver/zturn-driver.gen/sources_1/bd/zturn/ipshared/78f4/hdl/verilog/pnq_mul_13s_71s_71_5_1.v:8]
INFO: [Synth 8-6155] done synthesizing module 'pnq_mul_13s_71s_71_5_1_Multiplier_10' (46#1) [/home/duyliontran/xilinx/zturn-driver/zturn-driver.gen/sources_1/bd/zturn/ipshared/78f4/hdl/verilog/pnq_mul_13s_71s_71_5_1.v:8]
INFO: [Synth 8-6155] done synthesizing module 'pnq_mul_13s_71s_71_5_1' (47#1) [/home/duyliontran/xilinx/zturn-driver/zturn-driver.gen/sources_1/bd/zturn/ipshared/78f4/hdl/verilog/pnq_mul_13s_71s_71_5_1.v:35]
INFO: [Synth 8-6157] synthesizing module 'pnq_mul_43ns_36ns_79_3_1' [/home/duyliontran/xilinx/zturn-driver/zturn-driver.gen/sources_1/bd/zturn/ipshared/78f4/hdl/verilog/pnq_mul_43ns_36ns_79_3_1.v:31]
	Parameter ID bound to: 1 - type: integer 
	Parameter NUM_STAGE bound to: 3 - type: integer 
	Parameter din0_WIDTH bound to: 43 - type: integer 
	Parameter din1_WIDTH bound to: 36 - type: integer 
	Parameter dout_WIDTH bound to: 79 - type: integer 
INFO: [Synth 8-6157] synthesizing module 'pnq_mul_43ns_36ns_79_3_1_Multiplier_11' [/home/duyliontran/xilinx/zturn-driver/zturn-driver.gen/sources_1/bd/zturn/ipshared/78f4/hdl/verilog/pnq_mul_43ns_36ns_79_3_1.v:8]
INFO: [Synth 8-6155] done synthesizing module 'pnq_mul_43ns_36ns_79_3_1_Multiplier_11' (48#1) [/home/duyliontran/xilinx/zturn-driver/zturn-driver.gen/sources_1/bd/zturn/ipshared/78f4/hdl/verilog/pnq_mul_43ns_36ns_79_3_1.v:8]
INFO: [Synth 8-6155] done synthesizing module 'pnq_mul_43ns_36ns_79_3_1' (49#1) [/home/duyliontran/xilinx/zturn-driver/zturn-driver.gen/sources_1/bd/zturn/ipshared/78f4/hdl/verilog/pnq_mul_43ns_36ns_79_3_1.v:31]
INFO: [Synth 8-6157] synthesizing module 'pnq_mul_49ns_44ns_93_5_1' [/home/duyliontran/xilinx/zturn-driver/zturn-driver.gen/sources_1/bd/zturn/ipshared/78f4/hdl/verilog/pnq_mul_49ns_44ns_93_5_1.v:35]
	Parameter ID bound to: 1 - type: integer 
	Parameter NUM_STAGE bound to: 5 - type: integer 
	Parameter din0_WIDTH bound to: 49 - type: integer 
	Parameter din1_WIDTH bound to: 44 - type: integer 
	Parameter dout_WIDTH bound to: 93 - type: integer 
INFO: [Synth 8-6157] synthesizing module 'pnq_mul_49ns_44ns_93_5_1_Multiplier_12' [/home/duyliontran/xilinx/zturn-driver/zturn-driver.gen/sources_1/bd/zturn/ipshared/78f4/hdl/verilog/pnq_mul_49ns_44ns_93_5_1.v:8]
INFO: [Synth 8-6155] done synthesizing module 'pnq_mul_49ns_44ns_93_5_1_Multiplier_12' (50#1) [/home/duyliontran/xilinx/zturn-driver/zturn-driver.gen/sources_1/bd/zturn/ipshared/78f4/hdl/verilog/pnq_mul_49ns_44ns_93_5_1.v:8]
INFO: [Synth 8-6155] done synthesizing module 'pnq_mul_49ns_44ns_93_5_1' (51#1) [/home/duyliontran/xilinx/zturn-driver/zturn-driver.gen/sources_1/bd/zturn/ipshared/78f4/hdl/verilog/pnq_mul_49ns_44ns_93_5_1.v:35]
INFO: [Synth 8-6157] synthesizing module 'pnq_mul_50ns_50ns_100_5_1' [/home/duyliontran/xilinx/zturn-driver/zturn-driver.gen/sources_1/bd/zturn/ipshared/78f4/hdl/verilog/pnq_mul_50ns_50ns_100_5_1.v:35]
	Parameter ID bound to: 1 - type: integer 
	Parameter NUM_STAGE bound to: 5 - type: integer 
	Parameter din0_WIDTH bound to: 50 - type: integer 
	Parameter din1_WIDTH bound to: 50 - type: integer 
	Parameter dout_WIDTH bound to: 100 - type: integer 
INFO: [Synth 8-6157] synthesizing module 'pnq_mul_50ns_50ns_100_5_1_Multiplier_13' [/home/duyliontran/xilinx/zturn-driver/zturn-driver.gen/sources_1/bd/zturn/ipshared/78f4/hdl/verilog/pnq_mul_50ns_50ns_100_5_1.v:8]
INFO: [Synth 8-6155] done synthesizing module 'pnq_mul_50ns_50ns_100_5_1_Multiplier_13' (52#1) [/home/duyliontran/xilinx/zturn-driver/zturn-driver.gen/sources_1/bd/zturn/ipshared/78f4/hdl/verilog/pnq_mul_50ns_50ns_100_5_1.v:8]
INFO: [Synth 8-6155] done synthesizing module 'pnq_mul_50ns_50ns_100_5_1' (53#1) [/home/duyliontran/xilinx/zturn-driver/zturn-driver.gen/sources_1/bd/zturn/ipshared/78f4/hdl/verilog/pnq_mul_50ns_50ns_100_5_1.v:35]
INFO: [Synth 8-6157] synthesizing module 'pnq_mac_muladd_16s_16ns_19s_31_4_1' [/home/duyliontran/xilinx/zturn-driver/zturn-driver.gen/sources_1/bd/zturn/ipshared/78f4/hdl/verilog/pnq_mac_muladd_16s_16ns_19s_31_4_1.v:46]
	Parameter ID bound to: 1 - type: integer 
	Parameter NUM_STAGE bound to: 4 - type: integer 
	Parameter din0_WIDTH bound to: 16 - type: integer 
	Parameter din1_WIDTH bound to: 16 - type: integer 
	Parameter din2_WIDTH bound to: 19 - type: integer 
	Parameter dout_WIDTH bound to: 31 - type: integer 
INFO: [Synth 8-6157] synthesizing module 'pnq_mac_muladd_16s_16ns_19s_31_4_1_DSP48_0' [/home/duyliontran/xilinx/zturn-driver/zturn-driver.gen/sources_1/bd/zturn/ipshared/78f4/hdl/verilog/pnq_mac_muladd_16s_16ns_19s_31_4_1.v:7]
INFO: [Synth 8-6155] done synthesizing module 'pnq_mac_muladd_16s_16ns_19s_31_4_1_DSP48_0' (54#1) [/home/duyliontran/xilinx/zturn-driver/zturn-driver.gen/sources_1/bd/zturn/ipshared/78f4/hdl/verilog/pnq_mac_muladd_16s_16ns_19s_31_4_1.v:7]
INFO: [Synth 8-6155] done synthesizing module 'pnq_mac_muladd_16s_16ns_19s_31_4_1' (55#1) [/home/duyliontran/xilinx/zturn-driver/zturn-driver.gen/sources_1/bd/zturn/ipshared/78f4/hdl/verilog/pnq_mac_muladd_16s_16ns_19s_31_4_1.v:46]
INFO: [Synth 8-6155] done synthesizing module 'pnq_pow_generic_double_s' (56#1) [/home/duyliontran/xilinx/zturn-driver/zturn-driver.gen/sources_1/bd/zturn/ipshared/78f4/hdl/verilog/pnq_pow_generic_double_s.v:10]
INFO: [Synth 8-6157] synthesizing module 'pnq_dadd_64ns_64ns_64_7_full_dsp_1' [/home/duyliontran/xilinx/zturn-driver/zturn-driver.gen/sources_1/bd/zturn/ipshared/78f4/hdl/verilog/pnq_dadd_64ns_64ns_64_7_full_dsp_1.v:8]
	Parameter ID bound to: 1 - type: integer 
	Parameter NUM_STAGE bound to: 7 - type: integer 
	Parameter din0_WIDTH bound to: 64 - type: integer 
	Parameter din1_WIDTH bound to: 64 - type: integer 
	Parameter dout_WIDTH bound to: 64 - type: integer 
INFO: [Synth 8-6157] synthesizing module 'pnq_ap_dadd_5_full_dsp_64' [/home/duyliontran/xilinx/zturn-driver/zturn-driver.gen/sources_1/bd/zturn/ipshared/78f4/hdl/ip/pnq_ap_dadd_5_full_dsp_64.v:60]
INFO: [Synth 8-6157] synthesizing module 'LUT1' [/tools/Xilinx/Vivado/2020.2/scripts/rt/data/unisim_comp.v:59374]
INFO: [Synth 8-6155] done synthesizing module 'LUT1' (57#1) [/tools/Xilinx/Vivado/2020.2/scripts/rt/data/unisim_comp.v:59374]
INFO: [Synth 8-6155] done synthesizing module 'pnq_ap_dadd_5_full_dsp_64' (85#1) [/home/duyliontran/xilinx/zturn-driver/zturn-driver.gen/sources_1/bd/zturn/ipshared/78f4/hdl/ip/pnq_ap_dadd_5_full_dsp_64.v:60]
INFO: [Synth 8-6155] done synthesizing module 'pnq_dadd_64ns_64ns_64_7_full_dsp_1' (86#1) [/home/duyliontran/xilinx/zturn-driver/zturn-driver.gen/sources_1/bd/zturn/ipshared/78f4/hdl/verilog/pnq_dadd_64ns_64ns_64_7_full_dsp_1.v:8]
INFO: [Synth 8-6157] synthesizing module 'pnq_sitodp_32ns_64_6_no_dsp_1' [/home/duyliontran/xilinx/zturn-driver/zturn-driver.gen/sources_1/bd/zturn/ipshared/78f4/hdl/verilog/pnq_sitodp_32ns_64_6_no_dsp_1.v:8]
	Parameter ID bound to: 1 - type: integer 
	Parameter NUM_STAGE bound to: 6 - type: integer 
	Parameter din0_WIDTH bound to: 32 - type: integer 
	Parameter dout_WIDTH bound to: 64 - type: integer 
INFO: [Synth 8-6157] synthesizing module 'pnq_ap_sitodp_4_no_dsp_32' [/home/duyliontran/xilinx/zturn-driver/zturn-driver.gen/sources_1/bd/zturn/ipshared/78f4/hdl/ip/pnq_ap_sitodp_4_no_dsp_32.v:60]
INFO: [Synth 8-6155] done synthesizing module 'pnq_ap_sitodp_4_no_dsp_32' (89#1) [/home/duyliontran/xilinx/zturn-driver/zturn-driver.gen/sources_1/bd/zturn/ipshared/78f4/hdl/ip/pnq_ap_sitodp_4_no_dsp_32.v:60]
INFO: [Synth 8-6155] done synthesizing module 'pnq_sitodp_32ns_64_6_no_dsp_1' (90#1) [/home/duyliontran/xilinx/zturn-driver/zturn-driver.gen/sources_1/bd/zturn/ipshared/78f4/hdl/verilog/pnq_sitodp_32ns_64_6_no_dsp_1.v:8]
INFO: [Synth 8-6155] done synthesizing module 'pnq' (91#1) [/home/duyliontran/xilinx/zturn-driver/zturn-driver.gen/sources_1/bd/zturn/ipshared/78f4/hdl/verilog/pnq.v:12]
INFO: [Synth 8-6155] done synthesizing module 'zturn_pnq_0_1' (92#1) [/home/duyliontran/xilinx/zturn-driver/zturn-driver.gen/sources_1/bd/zturn/ip/zturn_pnq_0_1/synth/zturn_pnq_0_1.v:57]
---------------------------------------------------------------------------------
Finished RTL Elaboration : Time (s): cpu = 00:00:12 ; elapsed = 00:00:18 . Memory (MB): peak = 2502.605 ; gain = 71.820 ; free physical = 9768 ; free virtual = 27431
---------------------------------------------------------------------------------
---------------------------------------------------------------------------------
Start Handling Custom Attributes
---------------------------------------------------------------------------------
---------------------------------------------------------------------------------
Finished Handling Custom Attributes : Time (s): cpu = 00:00:13 ; elapsed = 00:00:19 . Memory (MB): peak = 2520.418 ; gain = 89.633 ; free physical = 9782 ; free virtual = 27444
---------------------------------------------------------------------------------
---------------------------------------------------------------------------------
Finished RTL Optimization Phase 1 : Time (s): cpu = 00:00:13 ; elapsed = 00:00:19 . Memory (MB): peak = 2520.418 ; gain = 89.633 ; free physical = 9782 ; free virtual = 27444
---------------------------------------------------------------------------------
Netlist sorting complete. Time (s): cpu = 00:00:00.24 ; elapsed = 00:00:00.25 . Memory (MB): peak = 2526.355 ; gain = 0.000 ; free physical = 9865 ; free virtual = 27528
INFO: [Netlist 29-17] Analyzing 449 Unisim elements for replacement
INFO: [Netlist 29-28] Unisim Transformation completed in 0 CPU seconds
INFO: [Project 1-570] Preparing netlist for logic optimization

Processing XDC Constraints
Initializing timing engine
Parsing XDC File [/home/duyliontran/xilinx/zturn-driver/zturn-driver.gen/sources_1/bd/zturn/ip/zturn_pnq_0_1/constraints/pnq_ooc.xdc] for cell 'inst'
Finished Parsing XDC File [/home/duyliontran/xilinx/zturn-driver/zturn-driver.gen/sources_1/bd/zturn/ip/zturn_pnq_0_1/constraints/pnq_ooc.xdc] for cell 'inst'
Parsing XDC File [/home/duyliontran/xilinx/zturn-driver/zturn-driver.runs/zturn_pnq_0_1_synth_1/dont_touch.xdc]
Finished Parsing XDC File [/home/duyliontran/xilinx/zturn-driver/zturn-driver.runs/zturn_pnq_0_1_synth_1/dont_touch.xdc]
Completed Processing XDC Constraints

Netlist sorting complete. Time (s): cpu = 00:00:00.01 ; elapsed = 00:00:00 . Memory (MB): peak = 2638.199 ; gain = 0.000 ; free physical = 9871 ; free virtual = 27529
INFO: [Project 1-111] Unisim Transformation Summary:
  A total of 35 instances were transformed.
  FDE => FDRE: 35 instances

Constraint Validation Runtime : Time (s): cpu = 00:00:00.61 ; elapsed = 00:00:00.22 . Memory (MB): peak = 2638.199 ; gain = 0.000 ; free physical = 9867 ; free virtual = 27525
---------------------------------------------------------------------------------
Finished Constraint Validation : Time (s): cpu = 00:00:22 ; elapsed = 00:00:27 . Memory (MB): peak = 2638.199 ; gain = 207.414 ; free physical = 10944 ; free virtual = 28603
---------------------------------------------------------------------------------
---------------------------------------------------------------------------------
Start Loading Part and Timing Information
---------------------------------------------------------------------------------
Loading part: xc7z020clg400-1
---------------------------------------------------------------------------------
Finished Loading Part and Timing Information : Time (s): cpu = 00:00:22 ; elapsed = 00:00:27 . Memory (MB): peak = 2638.199 ; gain = 207.414 ; free physical = 10944 ; free virtual = 28603
---------------------------------------------------------------------------------
---------------------------------------------------------------------------------
Start Applying 'set_property' XDC Constraints
---------------------------------------------------------------------------------
Applied set_property KEEP_HIERARCHY = SOFT for inst. (constraint file  /home/duyliontran/xilinx/zturn-driver/zturn-driver.runs/zturn_pnq_0_1_synth_1/dont_touch.xdc, line 9).
---------------------------------------------------------------------------------
Finished applying 'set_property' XDC Constraints : Time (s): cpu = 00:00:22 ; elapsed = 00:00:27 . Memory (MB): peak = 2638.199 ; gain = 207.414 ; free physical = 10944 ; free virtual = 28603
---------------------------------------------------------------------------------
INFO: [Synth 8-802] inferred FSM for state register 'wstate_reg' in module 'pnq_control_s_axi'
INFO: [Synth 8-802] inferred FSM for state register 'rstate_reg' in module 'pnq_control_s_axi'
INFO: [Synth 8-4490] FSM extraction disabled for register 'ap_CS_fsm_reg' through user attribute
---------------------------------------------------------------------------------------------------
                   State |                     New Encoding |                Previous Encoding 
---------------------------------------------------------------------------------------------------
                  iSTATE |                             0001 |                               11
*
                  WRIDLE |                             0010 |                               00
                  WRDATA |                             0100 |                               01
                  WRRESP |                             1000 |                               10
---------------------------------------------------------------------------------------------------
INFO: [Synth 8-3354] encoded FSM with state register 'wstate_reg' using encoding 'one-hot' in module 'pnq_control_s_axi'
---------------------------------------------------------------------------------------------------
                   State |                     New Encoding |                Previous Encoding 
---------------------------------------------------------------------------------------------------
                  iSTATE |                              001 |                               10
*
                  RDIDLE |                              010 |                               00
                  RDDATA |                              100 |                               01
---------------------------------------------------------------------------------------------------
INFO: [Synth 8-3354] encoded FSM with state register 'rstate_reg' using encoding 'one-hot' in module 'pnq_control_s_axi'
---------------------------------------------------------------------------------
Finished RTL Optimization Phase 2 : Time (s): cpu = 00:00:25 ; elapsed = 00:00:31 . Memory (MB): peak = 2638.199 ; gain = 207.414 ; free physical = 10931 ; free virtual = 28590
---------------------------------------------------------------------------------
INFO: [Synth 8-223] decloning instance 'inst/dadd_64ns_64ns_64_7_full_dsp_1_U44/pnq_ap_dadd_5_full_dsp_64_u/inst/i_synth/ADDSUB_OP.ADDSUB/LOGIC_SPEED.OP/NORM/ROUND/EXTRA_LSB_BIT_DEL' (delay__parameterized11) to 'inst/dadd_64ns_64ns_64_7_full_dsp_1_U44/pnq_ap_dadd_5_full_dsp_64_u/inst/i_synth/ADDSUB_OP.ADDSUB/LOGIC_SPEED.OP/NORM/ROUND/EXTRA_LSB_RND1_DEL'
INFO: [Synth 8-223] decloning instance 'inst/dadd_64ns_64ns_64_7_full_dsp_1_U44/pnq_ap_dadd_5_full_dsp_64_u/inst/i_synth/ADDSUB_OP.ADDSUB/LOGIC_SPEED.OP/NORM/ROUND/EXP_INC_DELAY' (delay__parameterized11) to 'inst/dadd_64ns_64ns_64_7_full_dsp_1_U44/pnq_ap_dadd_5_full_dsp_64_u/inst/i_synth/ADDSUB_OP.ADDSUB/LOGIC_SPEED.OP/NORM/ROUND/EXP_INC_RND1_DELAY'
INFO: [Synth 8-223] decloning instance 'inst/dadd_64ns_64ns_64_7_full_dsp_1_U44/pnq_ap_dadd_5_full_dsp_64_u/inst/i_synth/DELAY_DIVIDE_BY_ZERO' (delay__parameterized11) to 'inst/dadd_64ns_64ns_64_7_full_dsp_1_U44/pnq_ap_dadd_5_full_dsp_64_u/inst/i_synth/DELAY_ACCUM_OVERFLOW'
INFO: [Synth 8-223] decloning instance 'inst/dadd_64ns_64ns_64_7_full_dsp_1_U44/pnq_ap_dadd_5_full_dsp_64_u/inst/i_synth/DELAY_DIVIDE_BY_ZERO' (delay__parameterized11) to 'inst/dadd_64ns_64ns_64_7_full_dsp_1_U44/pnq_ap_dadd_5_full_dsp_64_u/inst/i_synth/DELAY_ACCUM_INPUT_OVERFLOW'
INFO: [Synth 8-223] decloning instance 'inst/sitodp_32ns_64_6_no_dsp_1_U45/pnq_ap_sitodp_4_no_dsp_32_u/inst/i_synth/FIX_TO_FLT_OP.SPD.OP/ROUND/EXTRA_LSB_BIT_DEL' (delay__parameterized11) to 'inst/sitodp_32ns_64_6_no_dsp_1_U45/pnq_ap_sitodp_4_no_dsp_32_u/inst/i_synth/FIX_TO_FLT_OP.SPD.OP/ROUND/EXTRA_LSB_RND1_DEL'
INFO: [Synth 8-223] decloning instance 'inst/sitodp_32ns_64_6_no_dsp_1_U45/pnq_ap_sitodp_4_no_dsp_32_u/inst/i_synth/FIX_TO_FLT_OP.SPD.OP/ROUND/EXP_INC_DELAY' (delay__parameterized11) to 'inst/sitodp_32ns_64_6_no_dsp_1_U45/pnq_ap_sitodp_4_no_dsp_32_u/inst/i_synth/FIX_TO_FLT_OP.SPD.OP/ROUND/EXP_INC_RND1_DELAY'
INFO: [Synth 8-223] decloning instance 'inst/sitodp_32ns_64_6_no_dsp_1_U45/pnq_ap_sitodp_4_no_dsp_32_u/inst/i_synth/FIX_TO_FLT_OP.SPD.OP/ROUND/EXP_IN_DELAY.EXP_IN_DEL' (delay__parameterized53) to 'inst/sitodp_32ns_64_6_no_dsp_1_U45/pnq_ap_sitodp_4_no_dsp_32_u/inst/i_synth/FIX_TO_FLT_OP.SPD.OP/ROUND/EXP_RND2_DELAY.EXP_RND_DEL'
INFO: [Synth 8-223] decloning instance 'inst/sitodp_32ns_64_6_no_dsp_1_U45/pnq_ap_sitodp_4_no_dsp_32_u/inst/i_synth/FIX_TO_FLT_OP.SPD.OP/ROUND/EXP_IN_DELAY.EXP_OFF_OP_DEL' (delay__parameterized53) to 'inst/sitodp_32ns_64_6_no_dsp_1_U45/pnq_ap_sitodp_4_no_dsp_32_u/inst/i_synth/FIX_TO_FLT_OP.SPD.OP/ROUND/EXP_RND2_DELAY.EXP_OFF_RND_DEL'
INFO: [Synth 8-223] decloning instance 'inst/sitodp_32ns_64_6_no_dsp_1_U45/pnq_ap_sitodp_4_no_dsp_32_u/inst/i_synth/DELAY_INVALID_OP' (delay__parameterized11) to 'inst/sitodp_32ns_64_6_no_dsp_1_U45/pnq_ap_sitodp_4_no_dsp_32_u/inst/i_synth/DELAY_DIVIDE_BY_ZERO'
INFO: [Synth 8-223] decloning instance 'inst/sitodp_32ns_64_6_no_dsp_1_U45/pnq_ap_sitodp_4_no_dsp_32_u/inst/i_synth/DELAY_INVALID_OP' (delay__parameterized11) to 'inst/sitodp_32ns_64_6_no_dsp_1_U45/pnq_ap_sitodp_4_no_dsp_32_u/inst/i_synth/DELAY_OVERFLOW'
INFO: [Synth 8-223] decloning instance 'inst/sitodp_32ns_64_6_no_dsp_1_U45/pnq_ap_sitodp_4_no_dsp_32_u/inst/i_synth/DELAY_INVALID_OP' (delay__parameterized11) to 'inst/sitodp_32ns_64_6_no_dsp_1_U45/pnq_ap_sitodp_4_no_dsp_32_u/inst/i_synth/DELAY_UNDERFLOW'
INFO: [Synth 8-223] decloning instance 'inst/sitodp_32ns_64_6_no_dsp_1_U45/pnq_ap_sitodp_4_no_dsp_32_u/inst/i_synth/DELAY_INVALID_OP' (delay__parameterized11) to 'inst/sitodp_32ns_64_6_no_dsp_1_U45/pnq_ap_sitodp_4_no_dsp_32_u/inst/i_synth/DELAY_ACCUM_OVERFLOW'
INFO: [Synth 8-223] decloning instance 'inst/sitodp_32ns_64_6_no_dsp_1_U45/pnq_ap_sitodp_4_no_dsp_32_u/inst/i_synth/DELAY_INVALID_OP' (delay__parameterized11) to 'inst/sitodp_32ns_64_6_no_dsp_1_U45/pnq_ap_sitodp_4_no_dsp_32_u/inst/i_synth/DELAY_ACCUM_INPUT_OVERFLOW'
---------------------------------------------------------------------------------
Start RTL Component Statistics 
---------------------------------------------------------------------------------
---------------------------------------------------------------------------------
Finished RTL Component Statistics 
---------------------------------------------------------------------------------
---------------------------------------------------------------------------------
Start Part Resource Summary
---------------------------------------------------------------------------------
Part Resources:
DSPs: 220 (col length:60)
BRAMs: 280 (col length: RAMB18 60 RAMB36 30)
---------------------------------------------------------------------------------
Finished Part Resource Summary
---------------------------------------------------------------------------------
---------------------------------------------------------------------------------
Start Cross Boundary and Area Optimization
---------------------------------------------------------------------------------
---------------------------------------------------------------------------------
Finished Cross Boundary and Area Optimization : Time (s): cpu = 00:00:48 ; elapsed = 00:00:55 . Memory (MB): peak = 2638.199 ; gain = 207.414 ; free physical = 10866 ; free virtual = 28544
---------------------------------------------------------------------------------
---------------------------------------------------------------------------------
Start Applying XDC Timing Constraints
---------------------------------------------------------------------------------
---------------------------------------------------------------------------------
Finished Applying XDC Timing Constraints : Time (s): cpu = 00:00:55 ; elapsed = 00:01:02 . Memory (MB): peak = 2684.184 ; gain = 253.398 ; free physical = 10653 ; free virtual = 28331
---------------------------------------------------------------------------------
---------------------------------------------------------------------------------
Start Timing Optimization
---------------------------------------------------------------------------------
---------------------------------------------------------------------------------
Finished Timing Optimization : Time (s): cpu = 00:01:01 ; elapsed = 00:01:09 . Memory (MB): peak = 2722.184 ; gain = 291.398 ; free physical = 10610 ; free virtual = 28289
---------------------------------------------------------------------------------
---------------------------------------------------------------------------------
Start Technology Mapping
---------------------------------------------------------------------------------
INFO: [Synth 8-7052] The timing for the instance inst/grp_pow_generic_double_s_fu_111/pow_reduce_anonymous_namespace_table_f_Z3_ap_ufixed_59_0_ap_q_mode_5_ap_o_mode_3_0_array_V_U/pnq_pow_generic_double_s_pow_reduce_anonymous_namespace_table_f_Z3_ap_ufixed_59_0lbW_rom_U/q1_reg (implemented as a Block RAM) might be sub-optimal as no optional output register could be merged into the ram block. Providing additional output register may help in improving timing.
INFO: [Synth 8-7052] The timing for the instance inst/grp_pow_generic_double_s_fu_111/pow_reduce_anonymous_namespace_table_f_Z3_ap_ufixed_59_0_ap_q_mode_5_ap_o_mode_3_0_array_V_U/pnq_pow_generic_double_s_pow_reduce_anonymous_namespace_table_f_Z3_ap_ufixed_59_0lbW_rom_U/q1_reg (implemented as a Block RAM) might be sub-optimal as no optional output register could be merged into the ram block. Providing additional output register may help in improving timing.
INFO: [Synth 8-7052] The timing for the instance inst/grp_pow_generic_double_s_fu_111/pow_reduce_anonymous_namespace_table_f_Z3_ap_ufixed_59_0_ap_q_mode_5_ap_o_mode_3_0_array_V_U/pnq_pow_generic_double_s_pow_reduce_anonymous_namespace_table_f_Z3_ap_ufixed_59_0lbW_rom_U/q0_reg (implemented as a Block RAM) might be sub-optimal as no optional output register could be merged into the ram block. Providing additional output register may help in improving timing.
INFO: [Synth 8-7052] The timing for the instance inst/grp_pow_generic_double_s_fu_111/pow_reduce_anonymous_namespace_table_f_Z3_ap_ufixed_59_0_ap_q_mode_5_ap_o_mode_3_0_array_V_U/pnq_pow_generic_double_s_pow_reduce_anonymous_namespace_table_f_Z3_ap_ufixed_59_0lbW_rom_U/q0_reg (implemented as a Block RAM) might be sub-optimal as no optional output register could be merged into the ram block. Providing additional output register may help in improving timing.
---------------------------------------------------------------------------------
Finished Technology Mapping : Time (s): cpu = 00:01:09 ; elapsed = 00:01:16 . Memory (MB): peak = 2772.246 ; gain = 341.461 ; free physical = 10570 ; free virtual = 28248
---------------------------------------------------------------------------------
---------------------------------------------------------------------------------
Start IO Insertion
---------------------------------------------------------------------------------
---------------------------------------------------------------------------------
Start Flattening Before IO Insertion
---------------------------------------------------------------------------------
---------------------------------------------------------------------------------
Finished Flattening Before IO Insertion
---------------------------------------------------------------------------------
---------------------------------------------------------------------------------
Start Final Netlist Cleanup
---------------------------------------------------------------------------------
---------------------------------------------------------------------------------
Finished Final Netlist Cleanup
---------------------------------------------------------------------------------
---------------------------------------------------------------------------------
Finished IO Insertion : Time (s): cpu = 00:01:13 ; elapsed = 00:01:20 . Memory (MB): peak = 2788.551 ; gain = 357.766 ; free physical = 10568 ; free virtual = 28246
---------------------------------------------------------------------------------
---------------------------------------------------------------------------------
Start Renaming Generated Instances
---------------------------------------------------------------------------------
---------------------------------------------------------------------------------
Finished Renaming Generated Instances : Time (s): cpu = 00:01:13 ; elapsed = 00:01:20 . Memory (MB): peak = 2788.551 ; gain = 357.766 ; free physical = 10568 ; free virtual = 28246
---------------------------------------------------------------------------------
---------------------------------------------------------------------------------
Start Rebuilding User Hierarchy
---------------------------------------------------------------------------------
---------------------------------------------------------------------------------
Finished Rebuilding User Hierarchy : Time (s): cpu = 00:01:14 ; elapsed = 00:01:21 . Memory (MB): peak = 2788.551 ; gain = 357.766 ; free physical = 10565 ; free virtual = 28243
---------------------------------------------------------------------------------
---------------------------------------------------------------------------------
Start Renaming Generated Ports
---------------------------------------------------------------------------------
---------------------------------------------------------------------------------
Finished Renaming Generated Ports : Time (s): cpu = 00:01:14 ; elapsed = 00:01:21 . Memory (MB): peak = 2788.551 ; gain = 357.766 ; free physical = 10565 ; free virtual = 28243
---------------------------------------------------------------------------------
---------------------------------------------------------------------------------
Start Handling Custom Attributes
---------------------------------------------------------------------------------
---------------------------------------------------------------------------------
Finished Handling Custom Attributes : Time (s): cpu = 00:01:14 ; elapsed = 00:01:21 . Memory (MB): peak = 2791.520 ; gain = 360.734 ; free physical = 10563 ; free virtual = 28242
---------------------------------------------------------------------------------
---------------------------------------------------------------------------------
Start Renaming Generated Nets
---------------------------------------------------------------------------------
---------------------------------------------------------------------------------
Finished Renaming Generated Nets : Time (s): cpu = 00:01:14 ; elapsed = 00:01:21 . Memory (MB): peak = 2791.520 ; gain = 360.734 ; free physical = 10563 ; free virtual = 28242
---------------------------------------------------------------------------------
---------------------------------------------------------------------------------
Start Writing Synthesis Report
---------------------------------------------------------------------------------

Report BlackBoxes: 
+-+--------------+----------+
| |BlackBox name |Instances |
+-+--------------+----------+
+-+--------------+----------+

Report Cell Usage: 
+------+---------+------+
|      |Cell     |Count |
+------+---------+------+
|1     |CARRY4   |   580|
|2     |DSP48E1  |    78|
|27    |LUT1     |   135|
|28    |LUT2     |  1259|
|29    |LUT3     |   801|
|30    |LUT4     |  1197|
|31    |LUT5     |   286|
|32    |LUT6     |   776|
|33    |MUXCY    |   233|
|34    |MUXF7    |    18|
|35    |MUXF8    |     1|
|36    |RAMB18E1 |     7|
|42    |RAMB36E1 |     7|
|49    |SRL16E   |   858|
|50    |SRLC32E  |    87|
|51    |XORCY    |   129|
|52    |FDE      |    35|
|53    |FDRE     |  6358|
|54    |FDSE     |     1|
+------+---------+------+
---------------------------------------------------------------------------------
Finished Writing Synthesis Report : Time (s): cpu = 00:01:14 ; elapsed = 00:01:22 . Memory (MB): peak = 2791.520 ; gain = 360.734 ; free physical = 10563 ; free virtual = 28242
---------------------------------------------------------------------------------
Synthesis finished with 0 errors, 0 critical warnings and 0 warnings.
Synthesis Optimization Runtime : Time (s): cpu = 00:01:09 ; elapsed = 00:01:17 . Memory (MB): peak = 2791.520 ; gain = 242.953 ; free physical = 10637 ; free virtual = 28316
Synthesis Optimization Complete : Time (s): cpu = 00:01:14 ; elapsed = 00:01:22 . Memory (MB): peak = 2791.527 ; gain = 360.734 ; free physical = 10637 ; free virtual = 28316
INFO: [Project 1-571] Translating synthesized netlist
Netlist sorting complete. Time (s): cpu = 00:00:00.16 ; elapsed = 00:00:00.16 . Memory (MB): peak = 2791.527 ; gain = 0.000 ; free physical = 10721 ; free virtual = 28400
INFO: [Netlist 29-17] Analyzing 1088 Unisim elements for replacement
INFO: [Netlist 29-28] Unisim Transformation completed in 0 CPU seconds
INFO: [Project 1-570] Preparing netlist for logic optimization
INFO: [Opt 31-138] Pushed 0 inverter(s) to 0 load pin(s).
Netlist sorting complete. Time (s): cpu = 00:00:00 ; elapsed = 00:00:00 . Memory (MB): peak = 2823.535 ; gain = 0.000 ; free physical = 10661 ; free virtual = 28339
INFO: [Project 1-111] Unisim Transformation Summary:
  A total of 100 instances were transformed.
  (MUXCY,XORCY) => CARRY4: 65 instances
  FDE => FDRE: 35 instances

INFO: [Common 17-83] Releasing license: Synthesis
180 Infos, 0 Warnings, 0 Critical Warnings and 0 Errors encountered.
synth_design completed successfully
synth_design: Time (s): cpu = 00:01:28 ; elapsed = 00:01:31 . Memory (MB): peak = 2823.535 ; gain = 392.930 ; free physical = 10951 ; free virtual = 28630
INFO: [Common 17-1381] The checkpoint '/home/duyliontran/xilinx/zturn-driver/zturn-driver.runs/zturn_pnq_0_1_synth_1/zturn_pnq_0_1.dcp' has been generated.
WARNING: [Common 17-576] 'use_project_ipc' is deprecated. This option is deprecated and no longer used.
INFO: [Coretcl 2-1648] Added synthesis output to IP cache for IP zturn_pnq_0_1, cache-ID = cc9ef68625af75cd
INFO: [Coretcl 2-1174] Renamed 189 cell refs.
INFO: [Common 17-1381] The checkpoint '/home/duyliontran/xilinx/zturn-driver/zturn-driver.runs/zturn_pnq_0_1_synth_1/zturn_pnq_0_1.dcp' has been generated.
INFO: [runtcl-4] Executing : report_utilization -file zturn_pnq_0_1_utilization_synth.rpt -pb zturn_pnq_0_1_utilization_synth.pb
INFO: [Common 17-206] Exiting Vivado at Fri Mar 11 17:40:26 2022...
