Copyright 1986-2021 Xilinx, Inc. All Rights Reserved.
--------------------------------------------------------------------------------------
| Tool Version : Vivado v.2020.2.2 (lin64) Build 3118627 Tue Feb  9 05:13:49 MST 2021
| Date         : Fri Mar 11 17:37:53 2022
| Host         : SnowLion7520 running 64-bit Ubuntu 18.04.6 LTS
| Command      : upgrade_ip
| Device       : xc7z020clg400-1
--------------------------------------------------------------------------------------

Upgrade Log for IP 'zturn_pnq_0_1'

1. Summary
----------

CAUTION (success, with warnings) in the upgrade of zturn_pnq_0_1 (SnowLion:hls:pnq:1.0) from (Rev. 2112412349) to (Rev. 2112412758)

After upgrade, an IP may have parameter and port differences compared to the original customization. Please review the parameters within the IP customization GUI to ensure proper functionality. Also, please review the updated IP instantiation template to ensure proper connectivity, and update your design if required.

2. Interface Information
------------------------

Detected external interface differences while upgrading 'zturn_pnq_0_1'.


-Upgrade has removed interface 'interrupt'

-Upgrade has removed interface 's_axi_BUS_A'

-Upgrade has added interface 's_axi_control' (xilinx.com:interface:aximm:1.0)


3. Connection Warnings
----------------------

Detected external port differences while upgrading 'zturn_pnq_0_1'. These changes may impact your design.


-Upgrade has removed port 'interrupt'

-Upgrade has removed port 's_axi_BUS_A_ARADDR'

-Upgrade has removed port 's_axi_BUS_A_ARREADY'

-Upgrade has removed port 's_axi_BUS_A_ARVALID'

-Upgrade has removed port 's_axi_BUS_A_AWADDR'

-Upgrade has removed port 's_axi_BUS_A_AWREADY'

-Upgrade has removed port 's_axi_BUS_A_AWVALID'

-Upgrade has removed port 's_axi_BUS_A_BREADY'

-Upgrade has removed port 's_axi_BUS_A_BRESP'

-Upgrade has removed port 's_axi_BUS_A_BVALID'

-Upgrade has removed port 's_axi_BUS_A_RDATA'

-Upgrade has removed port 's_axi_BUS_A_RREADY'

-Upgrade has removed port 's_axi_BUS_A_RRESP'

-Upgrade has removed port 's_axi_BUS_A_RVALID'

-Upgrade has removed port 's_axi_BUS_A_WDATA'

-Upgrade has removed port 's_axi_BUS_A_WREADY'

-Upgrade has removed port 's_axi_BUS_A_WSTRB'

-Upgrade has removed port 's_axi_BUS_A_WVALID'

-Upgrade has added port 's_axi_control_ARADDR'

-Upgrade has added port 's_axi_control_ARREADY'

-Upgrade has added port 's_axi_control_ARVALID'

-Upgrade has added port 's_axi_control_AWADDR'

-Upgrade has added port 's_axi_control_AWREADY'

-Upgrade has added port 's_axi_control_AWVALID'

-Upgrade has added port 's_axi_control_BREADY'

-Upgrade has added port 's_axi_control_BRESP'

-Upgrade has added port 's_axi_control_BVALID'

-Upgrade has added port 's_axi_control_RDATA'

-Upgrade has added port 's_axi_control_RREADY'

-Upgrade has added port 's_axi_control_RRESP'

-Upgrade has added port 's_axi_control_RVALID'

-Upgrade has added port 's_axi_control_WDATA'

-Upgrade has added port 's_axi_control_WREADY'

-Upgrade has added port 's_axi_control_WSTRB'

-Upgrade has added port 's_axi_control_WVALID'


4. Addressing Information
-------------------------

Detected addressing differences while upgrading 'zturn_pnq_0_1'. These changes may impact your design.


-Upgrade has removed address block 's_axi_BUS_A/Reg'

-Upgrade has added address block 's_axi_control/Reg'


